|T0 : Player's T Heal unlocked.
|T0 : Player's T Fireball unlocked.
|T0 : Player's T Stun unlocked.
|T0 : Player's T Firestorm unlocked.
|T0 : Player's Alpha Sword unlocked.
|T0 : Player's T Greathammer unlocked.
|T0 : Player's Shadow Dagger unlocked.
|T0 : Basic Beast spawned.
+T1 : New turn begins.
|T1 : Targeted Basic Beast
|T1 : Hit chance roll: 85
|T1 : Player hits Basic Beast with Alpha Sword (9 damage)
-T1 : Turn 1 has ended in 6.3 seconds (Game time: 6.3s)
+T2 : New turn begins.
|T2 : Basic Beast --> Player (2 damage)
-T2 : Turn 2 has ended in 4.5 seconds (Game time: 10.9s)
+T3 : New turn begins.
|T3 : Hit chance roll: 17
|T3 : Player missed.
-T3 : Turn 3 has ended in 3.1 seconds (Game time: 14.1s)

