|T0 : A new game has started.
|T0 : Player's T Heal unlocked.
|T0 : Player's T Fireball unlocked.
|T0 : Player's T Stun unlocked.
|T0 : Player's T Firestorm unlocked.
|T0 : Player's Alpha Sword unlocked.
|T0 : Player's T Greathammer unlocked.
|T0 : Player's Shadow Dagger unlocked.
|T0 : Basic Beast spawned.
|T1 : New turn begins.
|T1 : Targeted Basic Beast
|T1 : Hit chance roll: 56
|T1 : Player hits Basic Beast with Alpha Sword (6 damage)
-T1 : Turn 1 has ended in 10.6 seconds (Game time: 10.6s)
+T2 : New turn begins.
|T2 : Basic Beast --> Player (3 damage)
-T2 : Turn 2 has ended in 4.5 seconds (Game time: 15.1s)
+T3 : New turn begins.
|T3 : Hit chance roll: 90
|T3 : Player hits Basic Beast with Alpha Sword (6 damage)
-T3 : Turn 3 has ended in 2.8 seconds (Game time: 18.0s)
+T4 : New turn begins.
|T4 : Basic Beast --> Player (5 damage)
-T4 : Turn 4 has ended in 4.5 seconds (Game time: 22.5s)
+T5 : New turn begins.
|T5 : Hit chance roll: 58
|T5 : Player hits Basic Beast with Alpha Sword (9 damage)
-T5 : Turn 5 has ended in 7.5 seconds (Game time: 30.1s)
+T6 : New turn begins.
|T6 : Basic Beast --> Player (4 damage)
-T6 : Turn 6 has ended in 4.5 seconds (Game time: 34.6s)
+T7 : New turn begins.
|T7 : Hit chance roll: 93
|T7 : Player hits Basic Beast with Alpha Sword (7 damage)
-T7 : Turn 7 has ended in 2.9 seconds (Game time: 37.7s)
+T8 : New turn begins.
|T8 : Basic Beast --> Player (2 damage)
-T8 : Turn 8 has ended in 4.5 seconds (Game time: 42.2s)
+T9 : New turn begins.
|T9 : Ability (T Fireball) used: 
|T9 : Congratulations, you have reached level 2!
|T9 : Basic Beast died. Player receives 10 XP and 5 gold for the kill.
|T9 : Player hits Basic Beast with T Fireball (10 damage)
|T9 : Monster removed
|T0 : Basic Beast spawned.
|T1 : New turn begins.
|T1 : Targeted Basic Beast
|T1 : Hit chance roll: 16
|T1 : Player missed.
-T1 : Turn 1 has ended in 10.1 seconds (Game time: 52.9s)
+T2 : New turn begins.
|T2 : Basic Beast --> Player (3 damage)
-T2 : Turn 2 has ended in 4.5 seconds (Game time: 57.4s)
+T3 : New turn begins.
|T3 : Hit chance roll: 44
|T3 : Player hits Basic Beast with Alpha Sword (9 damage)
-T3 : Turn 3 has ended in 2.5 seconds (Game time: 60.0s)
+T4 : New turn begins.
|T4 : Basic Beast --> Player (3 damage)
-T4 : Turn 4 has ended in 4.5 seconds (Game time: 64.6s)
+T5 : New turn begins.
|T5 : Hit chance roll: 16
|T5 : Player missed.
-T5 : Turn 5 has ended in 1.1 seconds (Game time: 65.7s)
+T6 : New turn begins.
|T6 : Basic Beast --> Player (4 damage)
-T6 : Turn 6 has ended in 4.5 seconds (Game time: 70.3s)
+T7 : New turn begins.
|T7 : Hit chance roll: 1
|T7 : Player missed.
-T7 : Turn 7 has ended in 1.6 seconds (Game time: 71.9s)
+T8 : New turn begins.
|T8 : Basic Beast --> Player (4 damage)
-T8 : Turn 8 has ended in 4.5 seconds (Game time: 76.5s)
+T9 : New turn begins.
|T9 : Hit chance roll: 63
|T9 : Player hits Basic Beast with Alpha Sword (9 damage)
-T9 : Turn 9 has ended in 3.5 seconds (Game time: 80.0s)
+T10 : New turn begins.
|T10 : Basic Beast --> Player (5 damage)
-T10 : Turn 10 has ended in 4.5 seconds (Game time: 84.6s)
+T11 : New turn begins.
|T11 : Hit chance roll: 46
|T11 : Player hits Basic Beast with Alpha Sword (4 damage)
-T11 : Turn 11 has ended in 1.6 seconds (Game time: 86.3s)
+T12 : New turn begins.
|T12 : Basic Beast --> Player (3 damage)
-T12 : Turn 12 has ended in 4.5 seconds (Game time: 90.8s)
+T13 : New turn begins.
|T13 : Hit chance roll: 20
|T13 : Player hits Basic Beast with Alpha Sword (8 damage)
-T13 : Turn 13 has ended in 2.8 seconds (Game time: 93.7s)
+T14 : New turn begins.
|T14 : Basic Beast --> Player (5 damage)
-T14 : Turn 14 has ended in 4.5 seconds (Game time: 98.3s)
+T15 : New turn begins.
|T15 : Player switched weapons.
|T15 : Player switched weapons.
|T15 : Player switched weapons.
|T15 : Basic Beast died. Player receives 12 XP and 10 gold for the kill.
|T15 : Player --> Basic Beast (6 damage)
|T15 : Monster removed
|T0 : Basic Beast spawned.
|T1 : New turn begins.
|T1 : Targeted Basic Beast
|T1 : Player switched weapons.
|T1 : Player switched weapons.
|T1 : Player switched weapons.
|T1 : Player switched weapons.
|T1 : Player --> Basic Beast (4 damage)
-T1 : Turn 1 has ended in 5.2 seconds (Game time: 110.3s)

