|T0 : A new game has started.
|T0 : Player's T Heal unlocked.
|T0 : Player's T Fireball unlocked.
|T0 : Player's T Stun unlocked.
|T0 : Player's T Firestorm unlocked.
|T0 : Player's Alpha Sword unlocked.
|T0 : Player's T Greathammer unlocked.
|T0 : Player's Shadow Dagger unlocked.
|T0 : Basic Beast spawned.
|T1 : New turn begins.
|T1 : Targeted Basic Beast
|T1 : Player's T Firestorm locked.
|T1 : Player's T KILL unlocked.
|T1 : Ability (T KILL) used: 
|T1 : Congratulations, you have reached level 2!
|T1 : Basic Beast died. Player receives 10 XP for the kill.
|T1 : Player hits Basic Beast with T KILL (99 damage)
|T1 : Monster removed
|T0 : Weak Wolf's (M) Basic Attack unlocked.
|T0 : Weak Wolf spawned.
|T1 : New turn begins.
|T1 : Targeted Weak Wolf
|T1 : Ability (T KILL) used: 
|T1 : Weak Wolf died. Player receives 12 XP for the kill.
|T1 : Player hits Weak Wolf with T KILL (99 damage)
|T1 : Monster removed
|T0 : Wicked Wizard's T Fireball unlocked.
|T0 : Wicked Wizard's T ManaDrain unlocked.
|T0 : Wicked Wizard's T Shield unlocked.
|T0 : Wicked Wizard spawned.
|T1 : New turn begins.
|T1 : Targeted Wicked Wizard
|T1 : Ability (T KILL) used: 
|T1 : Wicked Wizard died. Player receives 12 XP for the kill.
|T1 : Player hits Wicked Wizard with T KILL (99 damage)
|T1 : Monster removed
|T0 : Weak Wolf's (M) Basic Attack unlocked.
|T0 : Weak Wolf spawned.
|T1 : New turn begins.
|T1 : Targeted Weak Wolf
|T1 : Ability (T KILL) used: 
|T1 : Congratulations, you have reached level 3!
|T1 : Weak Wolf died. Player receives 12 XP for the kill.
|T1 : Player hits Weak Wolf with T KILL (99 damage)
|T1 : Monster removed
|T0 : Wicked Wizard's T Fireball unlocked.
|T0 : Wicked Wizard's T ManaDrain unlocked.
|T0 : Wicked Wizard's T Shield unlocked.
|T0 : Wicked Wizard spawned.
|T0 : Weak Wolf's (M) Basic Attack unlocked.
|T0 : Weak Wolf spawned.
|T1 : New turn begins.
|T1 : Targeted Wicked Wizard
|T1 : Ability (T KILL) used: 
|T1 : Targeted Weak Wolf
|T1 : Wicked Wizard died. Player receives 16 XP for the kill.
|T1 : Player hits Wicked Wizard with T KILL (99 damage)
-T1 : Turn 1 has ended in 0.9 seconds (Game time: 45.4s)
+T2 : New turn begins.
|T2 : Hit chance roll: 67
|T2 : Weak Wolf hits Player with (M) Basic Attack (5 damage)
-T2 : Turn 2 has ended in 4.5 seconds (Game time: 50.0s)
+T3 : New turn begins.
|T3 : Ability (T KILL) used: 
|T3 : Weak Wolf died. Player receives 16 XP for the kill.
|T3 : Player hits Weak Wolf with T KILL (99 damage)
|T3 : Monster removed
|T3 : Monster removed
|T0 : Basic Beast spawned.
|T0 : Basic Beast spawned.
|T1 : New turn begins.
|T1 : Targeted Basic Beast
|T1 : Ability (T KILL) used: 
|T1 : Targeted Basic Beast
|T1 : Basic Beast died. Player receives 16 XP for the kill.
|T1 : Player hits Basic Beast with T KILL (99 damage)
|T1 : Ability (T KILL) used: 
|T1 : Basic Beast died. Player receives 16 XP for the kill.
|T1 : Player hits Basic Beast with T KILL (99 damage)
|T1 : Monster removed
|T1 : Monster removed
|T0 : Basic Beast spawned.
|T0 : Wicked Wizard's T Fireball unlocked.
|T0 : Wicked Wizard's T ManaDrain unlocked.
|T0 : Wicked Wizard's T Shield unlocked.
|T0 : Wicked Wizard spawned.
|T1 : New turn begins.
|T1 : Targeted Basic Beast
|T1 : Ability (T KILL) used: 
|T1 : Targeted Wicked Wizard
|T1 : Congratulations, you have reached level 4!
|T1 : Basic Beast died. Player receives 16 XP for the kill.
|T1 : Player hits Basic Beast with T KILL (99 damage)
|T1 : Ability (T KILL) used: 
|T1 : Wicked Wizard died. Player receives 24 XP for the kill.
|T1 : Player hits Wicked Wizard with T KILL (198 damage)
|T1 : Monster removed
|T1 : Monster removed
|T0 : Weak Wolf's (M) Basic Attack unlocked.
|T0 : Weak Wolf spawned.
|T0 : Weak Wolf's (M) Basic Attack unlocked.
|T0 : Weak Wolf spawned.
|T1 : New turn begins.
|T1 : Targeted Weak Wolf
|T1 : Ability (T KILL) used: 
|T1 : Targeted Weak Wolf
|T1 : Weak Wolf died. Player receives 24 XP for the kill.
|T1 : Player hits Weak Wolf with T KILL (198 damage)
|T1 : Ability (T KILL) used: 
|T1 : Weak Wolf died. Player receives 24 XP for the kill.
|T1 : Player hits Weak Wolf with T KILL (198 damage)
|T1 : Monster removed
|T1 : Monster removed
|T1 : Player received a blessing (Health and Mana restored).
|T0 : Weak Wolf's (M) Basic Attack unlocked.
|T0 : Weak Wolf spawned.
|T0 : Wicked Wizard's T Fireball unlocked.
|T0 : Wicked Wizard's T ManaDrain unlocked.
|T0 : Wicked Wizard's T Shield unlocked.
|T0 : Wicked Wizard spawned.
|T1 : New turn begins.
|T1 : Targeted Weak Wolf
|T1 : Ability (T KILL) used: 
|T1 : Targeted Wicked Wizard
|T1 : Weak Wolf died. Player receives 24 XP for the kill.
|T1 : Player hits Weak Wolf with T KILL (198 damage)
|T1 : Ability (T KILL) used: 
|T1 : Wicked Wizard died. Player receives 24 XP for the kill.
|T1 : Player hits Wicked Wizard with T KILL (198 damage)
|T1 : Monster removed
|T1 : Monster removed
|T0 : Weak Wolf's (M) Basic Attack unlocked.
|T0 : Weak Wolf spawned.
|T0 : Basic Beast spawned.
|T1 : New turn begins.
|T1 : Targeted Weak Wolf
|T1 : Ability (T KILL) used: 
|T1 : Targeted Basic Beast
|T1 : Congratulations, you have reached level 5!
|T1 : Weak Wolf died. Player receives 24 XP for the kill.
|T1 : Player hits Weak Wolf with T KILL (198 damage)
|T1 : Ability (T KILL) used: 
|T1 : Basic Beast died. Player receives 40 XP for the kill.
|T1 : Player hits Basic Beast with T KILL (198 damage)
|T1 : Monster removed
|T1 : Monster removed
|T0 : Wicked Wizard's T Fireball unlocked.
|T0 : Wicked Wizard's T ManaDrain unlocked.
|T0 : Wicked Wizard's T Shield unlocked.
|T0 : Wicked Wizard spawned.
|T0 : Wicked Wizard's T Fireball unlocked.
|T0 : Wicked Wizard's T ManaDrain unlocked.
|T0 : Wicked Wizard's T Shield unlocked.
|T0 : Wicked Wizard spawned.
|T0 : Wicked Wizard's T Fireball unlocked.
|T0 : Wicked Wizard's T ManaDrain unlocked.
|T0 : Wicked Wizard's T Shield unlocked.
|T0 : Wicked Wizard spawned.
|T1 : New turn begins.
|T1 : Targeted Wicked Wizard
|T1 : Ability (T KILL) used: 
|T1 : Targeted Wicked Wizard
|T1 : Wicked Wizard died. Player receives 40 XP for the kill.
|T1 : Player hits Wicked Wizard with T KILL (198 damage)
|T1 : Ability (T KILL) used: 
|T1 : Targeted Wicked Wizard
|T1 : Wicked Wizard died. Player receives 40 XP for the kill.
|T1 : Player hits Wicked Wizard with T KILL (198 damage)
|T1 : Ability (T KILL) used: 
|T1 : Wicked Wizard died. Player receives 40 XP for the kill.
|T1 : Player hits Wicked Wizard with T KILL (198 damage)
|T1 : Monster removed
|T1 : Monster removed
|T1 : Monster removed
|T0 : Wicked Wizard's T Fireball unlocked.
|T0 : Wicked Wizard's T ManaDrain unlocked.
|T0 : Wicked Wizard's T Shield unlocked.
|T0 : Wicked Wizard spawned.
|T0 : Weak Wolf's (M) Basic Attack unlocked.
|T0 : Weak Wolf spawned.
|T0 : Weak Wolf's (M) Basic Attack unlocked.
|T0 : Weak Wolf spawned.
|T1 : New turn begins.
|T1 : Targeted Wicked Wizard
|T1 : Ability (T KILL) used: 
|T1 : Targeted Weak Wolf
|T1 : Wicked Wizard died. Player receives 40 XP for the kill.
|T1 : Player hits Wicked Wizard with T KILL (198 damage)
|T1 : Ability (T KILL) used: 
|T1 : Targeted Weak Wolf
|T1 : Weak Wolf died. Player receives 40 XP for the kill.
|T1 : Player hits Weak Wolf with T KILL (198 damage)
|T1 : Ability (T KILL) used: 
|T1 : Weak Wolf died. Player receives 40 XP for the kill.
|T1 : Player hits Weak Wolf with T KILL (198 damage)
|T1 : Monster removed
|T1 : Monster removed
|T1 : Monster removed
|T0 : Wicked Wizard's T Fireball unlocked.
|T0 : Wicked Wizard's T ManaDrain unlocked.
|T0 : Wicked Wizard's T Shield unlocked.
|T0 : Wicked Wizard spawned.
|T0 : Basic Beast spawned.
|T0 : Weak Wolf's (M) Basic Attack unlocked.
|T0 : Weak Wolf spawned.
|T1 : New turn begins.
|T1 : Targeted Wicked Wizard
|T1 : Ability (T KILL) used: 
|T1 : Targeted Basic Beast
|T1 : Wicked Wizard died. Player receives 40 XP for the kill.
|T1 : Player hits Wicked Wizard with T KILL (198 damage)
|T1 : Ability (T KILL) used: 
|T1 : Targeted Weak Wolf
|T1 : Congratulations, you have reached level 6!
|T1 : Basic Beast died. Player receives 40 XP for the kill.
|T1 : Player hits Basic Beast with T KILL (198 damage)
|T1 : Ability (T KILL) used: 
|T1 : Weak Wolf died. Player receives 72 XP for the kill.
|T1 : Player hits Weak Wolf with T KILL (198 damage)
|T1 : Monster removed
|T1 : Monster removed
|T1 : Monster removed
|T0 : Weak Wolf's (M) Basic Attack unlocked.
|T0 : Weak Wolf spawned.
|T0 : Weak Wolf's (M) Basic Attack unlocked.
|T0 : Weak Wolf spawned.
|T0 : Wicked Wizard's T Fireball unlocked.
|T0 : Wicked Wizard's T ManaDrain unlocked.
|T0 : Wicked Wizard's T Shield unlocked.
|T0 : Wicked Wizard spawned.
|T1 : New turn begins.
|T1 : Targeted Weak Wolf
|T1 : Ability (T KILL) used: 
|T1 : Targeted Weak Wolf
|T1 : Weak Wolf died. Player receives 72 XP for the kill.
|T1 : Player hits Weak Wolf with T KILL (198 damage)
|T1 : Ability (T KILL) used: 
|T1 : Targeted Wicked Wizard
|T1 : Weak Wolf died. Player receives 72 XP for the kill.
|T1 : Player hits Weak Wolf with T KILL (198 damage)
|T1 : Ability (T KILL) used: 
|T1 : Wicked Wizard died. Player receives 72 XP for the kill.
|T1 : Player hits Wicked Wizard with T KILL (198 damage)
|T1 : Monster removed
|T1 : Monster removed
|T1 : Monster removed
|T0 : Weak Wolf's (M) Basic Attack unlocked.
|T0 : Weak Wolf spawned.
|T0 : Basic Beast spawned.
|T0 : Weak Wolf's (M) Basic Attack unlocked.
|T0 : Weak Wolf spawned.
|T1 : New turn begins.
|T1 : Targeted Weak Wolf
|T1 : Ability (T KILL) used: 
|T1 : Targeted Basic Beast
|T1 : Weak Wolf died. Player receives 72 XP for the kill.
|T1 : Player hits Weak Wolf with T KILL (198 damage)
|T1 : Ability (T KILL) used: 
|T1 : Targeted Weak Wolf
|T1 : Basic Beast died. Player receives 72 XP for the kill.
|T1 : Player hits Basic Beast with T KILL (198 damage)
|T1 : Ability (T KILL) used: 
|T1 : Weak Wolf died. Player receives 72 XP for the kill.
|T1 : Player hits Weak Wolf with T KILL (198 damage)
|T1 : Monster removed
|T1 : Monster removed
|T1 : Monster removed
|T0 : Basic Beast spawned.
|T0 : Wicked Wizard's T Fireball unlocked.
|T0 : Wicked Wizard's T ManaDrain unlocked.
|T0 : Wicked Wizard's T Shield unlocked.
|T0 : Wicked Wizard spawned.
|T0 : Weak Wolf's (M) Basic Attack unlocked.
|T0 : Weak Wolf spawned.
|T1 : New turn begins.
|T1 : Targeted Basic Beast
|T1 : Ability (T KILL) used: 
|T1 : Targeted Wicked Wizard
|T1 : Basic Beast died. Player receives 72 XP for the kill.
|T1 : Player hits Basic Beast with T KILL (198 damage)
|T1 : Ability (T KILL) used: 
|T1 : Targeted Weak Wolf
|T1 : Wicked Wizard died. Player receives 72 XP for the kill.
|T1 : Player hits Wicked Wizard with T KILL (198 damage)
|T1 : Ability (T KILL) used: 
|T1 : Weak Wolf died. Player receives 72 XP for the kill.
|T1 : Player hits Weak Wolf with T KILL (198 damage)
|T1 : Monster removed
|T1 : Monster removed
|T1 : Monster removed
|T1 : Player received a blessing (Health and Mana restored).
|T0 : Basic Beast spawned.
|T0 : Wicked Wizard's T Fireball unlocked.
|T0 : Wicked Wizard's T ManaDrain unlocked.
|T0 : Wicked Wizard's T Shield unlocked.
|T0 : Wicked Wizard spawned.
|T0 : Basic Beast spawned.
|T1 : New turn begins.
|T1 : Targeted Basic Beast
|T1 : Ability (T KILL) used: 
|T1 : Targeted Wicked Wizard
|T1 : Basic Beast died. Player receives 72 XP for the kill.
|T1 : Player hits Basic Beast with T KILL (198 damage)
|T1 : Ability (T KILL) used: 
|T1 : Targeted Basic Beast
|T1 : Wicked Wizard died. Player receives 72 XP for the kill.
|T1 : Player hits Wicked Wizard with T KILL (198 damage)
|T1 : Ability (T KILL) used: 
|T1 : Congratulations, you have reached level 7!
|T1 : Basic Beast died. Player receives 72 XP for the kill.
|T1 : Player hits Basic Beast with T KILL (198 damage)
|T1 : Monster removed
|T1 : Monster removed
|T1 : Monster removed
|T0 : Basic Beast spawned.
|T0 : Basic Beast spawned.
|T0 : Basic Beast spawned.
|T0 : Wicked Wizard's T Fireball unlocked.
|T0 : Wicked Wizard's T ManaDrain unlocked.
|T0 : Wicked Wizard's T Shield unlocked.
|T0 : Wicked Wizard spawned.
|T1 : New turn begins.
|T1 : Targeted Basic Beast
|T1 : Ability (T KILL) used: 
|T1 : Targeted Basic Beast
|T1 : Basic Beast died. Player receives 136 XP for the kill.
|T1 : Player hits Basic Beast with T KILL (297 damage)
|T1 : Ability (T KILL) used: 
|T1 : Targeted Basic Beast
|T1 : Basic Beast died. Player receives 136 XP for the kill.
|T1 : Player hits Basic Beast with T KILL (297 damage)
|T1 : Ability (T KILL) used: 
|T1 : Targeted Wicked Wizard
|T1 : Basic Beast died. Player receives 136 XP for the kill.
|T1 : Player hits Basic Beast with T KILL (297 damage)
|T1 : Ability (T KILL) used: 
|T1 : Wicked Wizard died. Player receives 136 XP for the kill.
|T1 : Player hits Wicked Wizard with T KILL (297 damage)
|T1 : Monster removed
|T1 : Monster removed
|T1 : Monster removed
|T1 : Monster removed
|T0 : Weak Wolf's (M) Basic Attack unlocked.
|T0 : Weak Wolf spawned.
|T0 : Basic Beast spawned.
|T0 : Basic Beast spawned.
|T0 : Weak Wolf's (M) Basic Attack unlocked.
|T0 : Weak Wolf spawned.
|T1 : New turn begins.
|T1 : Targeted Weak Wolf
|T1 : Ability (T KILL) used: 
|T1 : Targeted Basic Beast
|T1 : Weak Wolf died. Player receives 136 XP for the kill.
|T1 : Player hits Weak Wolf with T KILL (297 damage)
|T1 : Ability (T KILL) used: 
|T1 : Targeted Basic Beast
|T1 : Basic Beast died. Player receives 136 XP for the kill.
|T1 : Player hits Basic Beast with T KILL (297 damage)
|T1 : Ability (T KILL) used: 
|T1 : Targeted Weak Wolf
|T1 : Basic Beast died. Player receives 136 XP for the kill.
|T1 : Player hits Basic Beast with T KILL (297 damage)
|T1 : Ability (T KILL) used: 
|T1 : Weak Wolf died. Player receives 136 XP for the kill.
|T1 : Player hits Weak Wolf with T KILL (297 damage)
|T1 : Monster removed
|T1 : Monster removed
|T1 : Monster removed
|T1 : Monster removed
|T0 : Wicked Wizard's T Fireball unlocked.
|T0 : Wicked Wizard's T ManaDrain unlocked.
|T0 : Wicked Wizard's T Shield unlocked.
|T0 : Wicked Wizard spawned.
|T0 : Wicked Wizard's T Fireball unlocked.
|T0 : Wicked Wizard's T ManaDrain unlocked.
|T0 : Wicked Wizard's T Shield unlocked.
|T0 : Wicked Wizard spawned.
|T0 : Wicked Wizard's T Fireball unlocked.
|T0 : Wicked Wizard's T ManaDrain unlocked.
|T0 : Wicked Wizard's T Shield unlocked.
|T0 : Wicked Wizard spawned.
|T0 : Wicked Wizard's T Fireball unlocked.
|T0 : Wicked Wizard's T ManaDrain unlocked.
|T0 : Wicked Wizard's T Shield unlocked.
|T0 : Wicked Wizard spawned.
|T1 : New turn begins.
|T1 : Targeted Wicked Wizard
|T1 : Ability (T KILL) used: 
|T1 : Targeted Wicked Wizard
|T1 : Wicked Wizard died. Player receives 136 XP for the kill.
|T1 : Player hits Wicked Wizard with T KILL (297 damage)
|T1 : Ability (T KILL) used: 
|T1 : Targeted Wicked Wizard
|T1 : Wicked Wizard died. Player receives 136 XP for the kill.
|T1 : Player hits Wicked Wizard with T KILL (297 damage)
|T1 : Ability (T KILL) used: 
|T1 : Targeted Wicked Wizard
|T1 : Wicked Wizard died. Player receives 136 XP for the kill.
|T1 : Player hits Wicked Wizard with T KILL (297 damage)
|T1 : Ability (T KILL) used: 
|T1 : Wicked Wizard died. Player receives 136 XP for the kill.
|T1 : Player hits Wicked Wizard with T KILL (297 damage)
|T1 : Monster removed
|T1 : Monster removed
|T1 : Monster removed
|T1 : Monster removed
|T0 : Basic Beast spawned.
|T0 : Basic Beast spawned.
|T0 : Wicked Wizard's T Fireball unlocked.
|T0 : Wicked Wizard's T ManaDrain unlocked.
|T0 : Wicked Wizard's T Shield unlocked.
|T0 : Wicked Wizard spawned.
|T0 : Wicked Wizard's T Fireball unlocked.
|T0 : Wicked Wizard's T ManaDrain unlocked.
|T0 : Wicked Wizard's T Shield unlocked.
|T0 : Wicked Wizard spawned.
|T1 : New turn begins.
|T1 : Targeted Basic Beast
|T1 : Ability (T KILL) used: 
|T1 : Targeted Basic Beast
|T1 : Basic Beast died. Player receives 136 XP for the kill.
|T1 : Player hits Basic Beast with T KILL (297 damage)
|T1 : Ability (T KILL) used: 
|T1 : Targeted Wicked Wizard
|T1 : Basic Beast died. Player receives 136 XP for the kill.
|T1 : Player hits Basic Beast with T KILL (297 damage)
|T1 : Ability (T KILL) used: 
|T1 : Targeted Wicked Wizard
|T1 : Wicked Wizard died. Player receives 136 XP for the kill.
|T1 : Player hits Wicked Wizard with T KILL (297 damage)
|T1 : Ability (T KILL) used: 
|T1 : Congratulations, you have reached level 8!
|T1 : Wicked Wizard died. Player receives 136 XP for the kill.
|T1 : Player hits Wicked Wizard with T KILL (297 damage)
|T1 : Monster removed
|T1 : Monster removed
|T1 : Monster removed
|T1 : Monster removed
|T0 : Basic Beast spawned.
|T0 : Wicked Wizard's T Fireball unlocked.
|T0 : Wicked Wizard's T ManaDrain unlocked.
|T0 : Wicked Wizard's T Shield unlocked.
|T0 : Wicked Wizard spawned.
|T0 : Wicked Wizard's T Fireball unlocked.
|T0 : Wicked Wizard's T ManaDrain unlocked.
|T0 : Wicked Wizard's T Shield unlocked.
|T0 : Wicked Wizard spawned.
|T0 : Basic Beast spawned.
|T1 : New turn begins.
|T1 : Targeted Basic Beast
|T1 : Ability (T KILL) used: 
|T1 : Targeted Wicked Wizard
|T1 : Basic Beast died. Player receives 264 XP for the kill.
|T1 : Player hits Basic Beast with T KILL (297 damage)
|T1 : Ability (T KILL) used: 
|T1 : Targeted Wicked Wizard
|T1 : Wicked Wizard died. Player receives 264 XP for the kill.
|T1 : Player hits Wicked Wizard with T KILL (297 damage)
|T1 : Ability (T KILL) used: 
|T1 : Targeted Basic Beast
|T1 : Wicked Wizard died. Player receives 264 XP for the kill.
|T1 : Player hits Wicked Wizard with T KILL (297 damage)
|T1 : Ability (T KILL) used: 
|T1 : Basic Beast died. Player receives 264 XP for the kill.
|T1 : Player hits Basic Beast with T KILL (297 damage)
|T1 : Monster removed
|T1 : Monster removed
|T1 : Monster removed
|T1 : Monster removed
|T0 : Weak Wolf's (M) Basic Attack unlocked.
|T0 : Weak Wolf spawned.
|T0 : Basic Beast spawned.
|T0 : Wicked Wizard's T Fireball unlocked.
|T0 : Wicked Wizard's T ManaDrain unlocked.
|T0 : Wicked Wizard's T Shield unlocked.
|T0 : Wicked Wizard spawned.
|T0 : Basic Beast spawned.
|T1 : New turn begins.
|T1 : Targeted Weak Wolf
|T1 : Ability (T KILL) used: 
|T1 : Targeted Basic Beast
|T1 : Weak Wolf died. Player receives 264 XP for the kill.
|T1 : Player hits Weak Wolf with T KILL (297 damage)
|T1 : Ability (T KILL) used: 
|T1 : Targeted Wicked Wizard
|T1 : Basic Beast died. Player receives 264 XP for the kill.
|T1 : Player hits Basic Beast with T KILL (297 damage)
|T1 : Ability (T KILL) used: 
|T1 : Targeted Basic Beast
|T1 : Wicked Wizard died. Player receives 264 XP for the kill.
|T1 : Player hits Wicked Wizard with T KILL (297 damage)
|T1 : Ability (T KILL) used: 
|T1 : Basic Beast died. Player receives 264 XP for the kill.
|T1 : Player hits Basic Beast with T KILL (297 damage)
|T1 : Monster removed
|T1 : Monster removed
|T1 : Monster removed
|T1 : Monster removed
|T0 : Basic Beast spawned.
|T0 : Weak Wolf's (M) Basic Attack unlocked.
|T0 : Weak Wolf spawned.
|T0 : Basic Beast spawned.
|T0 : Basic Beast spawned.
|T1 : New turn begins.
|T1 : Targeted Basic Beast
|T1 : Ability (T KILL) used: 
|T1 : Targeted Weak Wolf
|T1 : Basic Beast died. Player receives 264 XP for the kill.
|T1 : Player hits Basic Beast with T KILL (297 damage)
|T1 : Ability (T KILL) used: 
|T1 : Targeted Basic Beast
|T1 : Weak Wolf died. Player receives 264 XP for the kill.
|T1 : Player hits Weak Wolf with T KILL (297 damage)
|T1 : Ability (T KILL) used: 
|T1 : Targeted Basic Beast
|T1 : Basic Beast died. Player receives 264 XP for the kill.
|T1 : Player hits Basic Beast with T KILL (297 damage)
|T1 : Ability (T KILL) used: 
|T1 : Basic Beast died. Player receives 264 XP for the kill.
|T1 : Player hits Basic Beast with T KILL (297 damage)
|T1 : Monster removed
|T1 : Monster removed
|T1 : Monster removed
|T1 : Monster removed
|T1 : Player received a blessing (Health and Mana restored).
|T0 : Wicked Wizard's T Fireball unlocked.
|T0 : Wicked Wizard's T ManaDrain unlocked.
|T0 : Wicked Wizard's T Shield unlocked.
|T0 : Wicked Wizard spawned.
|T0 : Wicked Wizard's T Fireball unlocked.
|T0 : Wicked Wizard's T ManaDrain unlocked.
|T0 : Wicked Wizard's T Shield unlocked.
|T0 : Wicked Wizard spawned.
|T0 : Wicked Wizard's T Fireball unlocked.
|T0 : Wicked Wizard's T ManaDrain unlocked.
|T0 : Wicked Wizard's T Shield unlocked.
|T0 : Wicked Wizard spawned.
|T0 : Basic Beast spawned.
|T1 : New turn begins.
|T1 : Targeted Wicked Wizard
|T1 : Ability (T KILL) used: 
|T1 : Targeted Wicked Wizard
|T1 : Wicked Wizard died. Player receives 264 XP for the kill.
|T1 : Player hits Wicked Wizard with T KILL (297 damage)
|T1 : Ability (T KILL) used: 
|T1 : Targeted Wicked Wizard
|T1 : Wicked Wizard died. Player receives 264 XP for the kill.
|T1 : Player hits Wicked Wizard with T KILL (297 damage)
|T1 : Ability (T KILL) used: 
|T1 : Targeted Basic Beast
|T1 : Wicked Wizard died. Player receives 264 XP for the kill.
|T1 : Player hits Wicked Wizard with T KILL (297 damage)
-T1 : Turn 1 has ended in 1.4 seconds (Game time: 101.6s)

