|T0 : A new game has started.
|T0 : Player's T Heal unlocked.
|T0 : Player's T Fireball unlocked.
|T0 : Player's T Stun unlocked.
|T0 : Player's T Firestorm unlocked.
|T0 : Player's Alpha Sword unlocked.
|T0 : Player's T Greathammer unlocked.
|T0 : Player's Shadow Dagger unlocked.
|T0 : Basic Beast spawned.
|T1 : New turn begins.
|T1 : Targeted Basic Beast
|T1 : Hit chance roll: 13
|T1 : Player missed.
-T1 : Turn 1 has ended in 3.9 seconds (Game time: 3.9s)
+T2 : New turn begins.
|T2 : Basic Beast --> Player (5 damage)
-T2 : Turn 2 has ended in 4.5 seconds (Game time: 8.4s)
+T3 : New turn begins.
|T3 : Hit chance roll: 17
|T3 : Player missed.
-T3 : Turn 3 has ended in 1.4 seconds (Game time: 9.9s)
+T4 : New turn begins.
|T4 : Basic Beast --> Player (3 damage)
-T4 : Turn 4 has ended in 4.5 seconds (Game time: 14.5s)
+T5 : New turn begins.
|T5 : Hit chance roll: 57
|T5 : Player hits Basic Beast with Alpha Sword (4 damage)
-T5 : Turn 5 has ended in 4.3 seconds (Game time: 18.9s)
+T6 : New turn begins.
|T6 : Basic Beast --> Player (4 damage)
-T6 : Turn 6 has ended in 4.5 seconds (Game time: 23.4s)
+T7 : New turn begins.
|T7 : Hit chance roll: 4
|T7 : Player missed.
-T7 : Turn 7 has ended in 3.0 seconds (Game time: 26.5s)
+T8 : New turn begins.
|T8 : Basic Beast --> Player (5 damage)
-T8 : Turn 8 has ended in 4.5 seconds (Game time: 31.0s)
+T9 : New turn begins.
|T9 : Hit chance roll: 77
|T9 : Player hits Basic Beast with Alpha Sword (8 damage)
-T9 : Turn 9 has ended in 5.2 seconds (Game time: 36.3s)
+T10 : New turn begins.
|T10 : Basic Beast --> Player (2 damage)
-T10 : Turn 10 has ended in 4.5 seconds (Game time: 40.9s)
+T11 : New turn begins.
|T11 : Hit chance roll: 99
|T11 : Player hits Basic Beast with Alpha Sword (8 damage)
-T11 : Turn 11 has ended in 3.2 seconds (Game time: 44.2s)
+T12 : New turn begins.
|T12 : Basic Beast --> Player (4 damage)
-T12 : Turn 12 has ended in 4.5 seconds (Game time: 48.7s)
+T13 : New turn begins.
|T13 : Hit chance roll: 49
|T13 : Player hits Basic Beast with Alpha Sword (7 damage)
-T13 : Turn 13 has ended in 1.9 seconds (Game time: 50.7s)
+T14 : New turn begins.
|T14 : Basic Beast --> Player (4 damage)
-T14 : Turn 14 has ended in 4.5 seconds (Game time: 55.2s)
+T15 : New turn begins.
|T15 : Hit chance roll: 89
|T15 : Congratulations, you have reached level 2!
|T15 : Basic Beast died. Player receives 10 XP for the kill.
|T15 : Player hits Basic Beast with Alpha Sword (9 damage)
|T15 : Monster removed
|T0 : Basic Beast spawned.
|T1 : New turn begins.
|T1 : Targeted Basic Beast
|T1 : Weak Wolf's (M) Basic Attack unlocked.
|T1 : Weak Wolf spawned.
|T1 : Weak Wolf's (M) Basic Attack unlocked.
|T1 : Weak Wolf spawned.
|T1 : Wicked Wizard's T Fireball unlocked.
|T1 : Wicked Wizard's T ManaDrain unlocked.
|T1 : Wicked Wizard's T Shield unlocked.
|T1 : Wicked Wizard spawned.
|T1 : Wicked Wizard's T Fireball unlocked.
|T1 : Wicked Wizard's T ManaDrain unlocked.
|T1 : Wicked Wizard's T Shield unlocked.
|T1 : Wicked Wizard spawned.
|T1 : Targeted Basic Beast
|T1 : Targeted Weak Wolf
|T1 : Targeted Weak Wolf
|T1 : Targeted Wicked Wizard
|T1 : Targeted Wicked Wizard
|T1 : Player's T Firestorm locked.
|T1 : Player's T ManaDrain unlocked.
|T1 : Player's T ManaDrain locked.
|T1 : Player's T Heal unlocked.
|T1 : Player's T Heal locked.
|T1 : Player's T KILL unlocked.
|T1 : Player's T KILL locked.
|T1 : Player's T 5KILL unlocked.
|T1 : Player's T 5KILL locked.
|T1 : Player's T KILL unlocked.
|T1 : Player's T KILL locked.
|T1 : Player's T KILL unlocked.
|T1 : Player's T KILL locked.
|T1 : Player's T ManaDrain unlocked.
|T1 : Player's T ManaDrain locked.
|T1 : Player's T 5KILL unlocked.
|T1 : Player's T 5KILL locked.
|T1 : Player's T Firestorm unlocked.
|T1 : Player's T Firestorm locked.
|T1 : Player's T Heal unlocked.
|T1 : Player's T Heal locked.
|T1 : Player's T Heal unlocked.
|T1 : Player's T Heal locked.
|T1 : Player's T ManaDrain unlocked.
|T1 : Player's T ManaDrain locked.
|T1 : Player's T KILL unlocked.
|T1 : Player's T KILL locked.
|T1 : Player's T Heal unlocked.
|T1 : Player's T Heal locked.
|T1 : Player's T 5KILL unlocked.
|T1 : Player's T 5KILL locked.
|T1 : Player's T H34L unlocked.
|T1 : Player's T H34L locked.
|T1 : Player's T ManaDrain unlocked.
|T1 : Player's T ManaDrain locked.
|T1 : Player's T ManaDrain unlocked.
|T1 : Player's T ManaDrain locked.
|T1 : Player's T Heal unlocked.
|T1 : Player's T Heal locked.
|T1 : Player's T KILL unlocked.
|T1 : Player's T KILL locked.
|T1 : Player's T Fireball unlocked.
|T1 : Player's T Fireball locked.
|T1 : Player's T Shield unlocked.
|T1 : Player's T Shield locked.
|T1 : Player's T Fireball unlocked.
|T1 : Player's T Fireball locked.
|T1 : Player's T Stun unlocked.
|T1 : Player's T Stun locked.
|T1 : Player's T Heal unlocked.
|T1 : Player's T Heal locked.
|T1 : Player's T 5KILL unlocked.
|T1 : Player's T 5KILL locked.
|T1 : Player's T ManaDrain unlocked.
|T1 : Player's T ManaDrain locked.
|T1 : Player's T Firestorm unlocked.
|T1 : Targeted Weak Wolf
|T1 : Ability (T Firestorm) used: 
|T1 : Player hits Weak Wolf with T Firestorm (15 damage)
|T1 : Player hits Weak Wolf with T Firestorm (15 damage)
|T1 : Player hits Basic Beast with T Firestorm (15 damage)
|T1 : Targeted Basic Beast
|T1 : Targeted Weak Wolf
|T1 : Targeted Weak Wolf
|T1 : Targeted Weak Wolf
|T1 : Targeted Basic Beast
|T1 : Targeted Weak Wolf
-T1 : Turn 1 has ended in 54.1 seconds (Game time: 110.0s)

