|T0 : A new game has started.
|T0 : Player's T Heal unlocked.
|T0 : Player's T Fireball unlocked.
|T0 : Player's T Stun unlocked.
|T0 : Player's T Firestorm unlocked.
|T0 : Player's Alpha Sword unlocked.
|T0 : Player's T Greathammer unlocked.
|T0 : Player's Shadow Dagger unlocked.
|T0 : Basic Beast spawned.
|T1 : New turn begins.
|T1 : Targeted Basic Beast
-T1 : Turn 1 has ended in 19.8 seconds (Game time: 1.1s)
+T2 : New turn begins.
|T2 : Basic Beast --> Player (2 damage)
-T2 : Turn 2 has ended in 4.5 seconds (Game time: 5.6s)
+T3 : New turn begins.
-T3 : Turn 3 has ended in 7.7 seconds (Game time: 13.4s)
+T4 : New turn begins.
|T4 : Basic Beast --> Player (5 damage)
-T4 : Turn 4 has ended in 4.5 seconds (Game time: 18.0s)
+T5 : New turn begins.
-T5 : Turn 5 has ended in 9.3 seconds (Game time: 27.4s)
+T6 : New turn begins.
|T6 : Basic Beast --> Player (3 damage)
-T6 : Turn 6 has ended in 3.6 seconds (Game time: 31.1s)
+T7 : New turn begins.
|T7 : Ability (T Firestorm) used: 
|T7 : Player hits Basic Beast with T Firestorm (15 damage)
-T7 : Turn 7 has ended in 2.8 seconds (Game time: 33.9s)
+T8 : New turn begins.
|T8 : Player --> Basic Beast (1 damage)
|T8 : [Tick 1] Player dealt a DoT of 1
|T8 : Basic Beast --> Player (2 damage)
-T8 : Turn 8 has ended in 4.5 seconds (Game time: 38.5s)
+T9 : New turn begins.
|T9 : Player --> Basic Beast (1 damage)
|T9 : [Tick 1] Player dealt a DoT of 1
|T9 : Hit chance roll: 64
|T9 : Player hits Basic Beast with Alpha Sword (5 damage)
-T9 : Turn 9 has ended in 3.6 seconds (Game time: 42.1s)

