|T0 : A new game has started.
|T0 : Player's T Heal unlocked.
|T0 : Player's T Fireball unlocked.
|T0 : Player's T Stun unlocked.
|T0 : Player's T Firestorm unlocked.
|T0 : Player's Alpha Sword unlocked.
|T0 : Player's T Greathammer unlocked.
|T0 : Player's Shadow Dagger unlocked.
|T0 : Basic Beast spawned.
|T1 : New turn begins.
|T1 : Targeted Basic Beast
|T1 : Hit chance roll: 71
|T1 : Player hits Basic Beast with Alpha Sword (7 damage)
-T1 : Turn 1 has ended in 94.5 seconds (Game time: 94.5s)
+T2 : New turn begins.
|T2 : Basic Beast --> Player (5 damage)
-T2 : Turn 2 has ended in 4.5 seconds (Game time: 99.1s)
+T3 : New turn begins.
|T3 : Weak Wolf's (M) Basic Attack unlocked.
|T3 : Weak Wolf spawned.
|T3 : Targeted Weak Wolf
|T3 : Targeted Basic Beast
|T3 : Targeted Weak Wolf
-T3 : Turn 3 has ended in 4.1 seconds (Game time: 103.2s)
+T4 : New turn begins.
|T4 : Basic Beast --> Player (2 damage)
|T4 : Hit chance roll: 74
|T4 : Weak Wolf hits Player with (M) Basic Attack (4 damage)
-T4 : Turn 4 has ended in 7.5 seconds (Game time: 110.8s)
+T5 : New turn begins.
|T5 : Basic Beast spawned.
|T5 : Weak Wolf's (M) Basic Attack unlocked.
|T5 : Weak Wolf spawned.
|T5 : Targeted Basic Beast
|T5 : Targeted Weak Wolf
|T5 : Targeted Basic Beast
|T5 : Targeted Weak Wolf
|T5 : Hit chance roll: 18
|T5 : Player missed.
-T5 : Turn 5 has ended in 11.5 seconds (Game time: 122.4s)
+T6 : New turn begins.
|T6 : Basic Beast --> Player (2 damage)
|T6 : Hit chance roll: 97
|T6 : Weak Wolf hits Player with (M) Basic Attack (4 damage)
|T6 : Basic Beast --> Player (3 damage)
|T6 : Hit chance roll: 67
|T6 : Weak Wolf hits Player with (M) Basic Attack (5 damage)
-T6 : Turn 6 has ended in 13.5 seconds (Game time: 136.0s)
+T7 : New turn begins.
|T7 : Hit chance roll: 48
|T7 : Player hits Weak Wolf with Alpha Sword (9 damage)
-T7 : Turn 7 has ended in 9.4 seconds (Game time: 145.4s)
+T8 : New turn begins.
|T8 : Basic Beast --> Player (5 damage)
|T8 : Hit chance roll: 49
|T8 : Weak Wolf hits Player with (M) Basic Attack (5 damage)
|T8 : Basic Beast --> Player (4 damage)
|T8 : Hit chance roll: 22
|T8 : Weak Wolf missed.
-T8 : Turn 8 has ended in 13.5 seconds (Game time: 159.0s)
+T9 : New turn begins.
|T9 : Hit chance roll: 89
|T9 : Player hits Weak Wolf with Alpha Sword (9 damage)
-T9 : Turn 9 has ended in 118.0 seconds (Game time: 277.1s)

