|T0 : A new game has started.
|T0 : Player's T Heal unlocked.
|T0 : Player's T Fireball unlocked.
|T0 : Player's T Stun unlocked.
|T0 : Player's T Firestorm unlocked.
|T0 : Player's Alpha Sword unlocked.
|T0 : Player's T Greathammer unlocked.
|T0 : Player's Shadow Dagger unlocked.
|T0 : Basic Beast spawned.
|T1 : New turn begins.
|T1 : Targeted Basic Beast
-T1 : Turn 1 has ended in 68.3 seconds (Game time: 1.7s)
+T2 : New turn begins.
|T2 : Basic Beast --> Player (5 damage)
-T2 : Turn 2 has ended in 2.0 seconds (Game time: 3.8s)
+T3 : New turn begins.
|T3 : Ability (T Firestorm) used: 
|T3 : Player hits Basic Beast with T Firestorm (15 damage)
-T3 : Turn 3 has ended in 2.6 seconds (Game time: 6.4s)
+T4 : New turn begins.
|T4 : Player --> Basic Beast (1 damage)
|T4 : [Tick 1] Player dealt a DoT of 1
|T4 : Basic Beast --> Player (3 damage)
-T4 : Turn 4 has ended in 4.5 seconds (Game time: 11.0s)
+T5 : New turn begins.
|T5 : Player --> Basic Beast (1 damage)
|T5 : [Tick 1] Player dealt a DoT of 1
|T5 : Hit chance roll: 79
|T5 : Player hits Basic Beast with Alpha Sword (9 damage)
-T5 : Turn 5 has ended in 7.6 seconds (Game time: 18.6s)
+T6 : New turn begins.
|T6 : Player --> Basic Beast (1 damage)
|T6 : [Tick 1] Player dealt a DoT of 1
|T6 : Basic Beast --> Player (4 damage)
-T6 : Turn 6 has ended in 4.5 seconds (Game time: 23.2s)
+T7 : New turn begins.
|T7 : Hit chance roll: 2
|T7 : Player missed.
-T7 : Turn 7 has ended in 2.7 seconds (Game time: 25.9s)

