|T0 : A new game has started.
|T0 : Player's T Heal unlocked.
|T0 : Player's T Fireball unlocked.
|T0 : Player's T Stun unlocked.
|T0 : Player's T Firestorm unlocked.
|T0 : Player's Alpha Sword unlocked.
|T0 : Player's T Greathammer unlocked.
|T0 : Player's Shadow Dagger unlocked.
|T0 : Basic Beast spawned.
|T1 : New turn begins.
|T1 : Targeted Basic Beast
-T1 : Turn 1 has ended in 95.7 seconds (Game time: 95.7s)
+T2 : New turn begins.
|T2 : Basic Beast --> Player (4 damage)
-T2 : Turn 2 has ended in 4.5 seconds (Game time: 100.2s)
+T3 : New turn begins.
|T3 : Hit chance roll: 60
|T3 : Player hits Basic Beast with Alpha Sword (8 damage)
-T3 : Turn 3 has ended in 27.8 seconds (Game time: 128.1s)
+T4 : New turn begins.
|T4 : Basic Beast --> Player (5 damage)
-T4 : Turn 4 has ended in 4.5 seconds (Game time: 132.7s)
+T5 : New turn begins.
|T5 : Ability (T Fireball) used: 
|T5 : Player hits Basic Beast with T Fireball (10 damage)
-T5 : Turn 5 has ended in 1.0 seconds (Game time: 133.8s)
+T6 : New turn begins.
|T6 : Player --> Basic Beast (2 damage)
|T6 : [Tick 1] Player dealt a DoT of 2
|T6 : Basic Beast --> Player (3 damage)
-T6 : Turn 6 has ended in 4.5 seconds (Game time: 138.3s)
+T7 : New turn begins.
|T7 : Player --> Basic Beast (2 damage)
|T7 : [Tick 1] Player dealt a DoT of 2
|T7 : Hit chance roll: 50
|T7 : Player hits Basic Beast with Alpha Sword (4 damage)
-T7 : Turn 7 has ended in 0.8 seconds (Game time: 139.2s)
+T8 : New turn begins.
|T8 : Basic Beast --> Player (3 damage)
-T8 : Turn 8 has ended in 4.5 seconds (Game time: 143.8s)
+T9 : New turn begins.
|T9 : Hit chance roll: 86
|T9 : Congratulations, you have reached level 2!
|T9 : Basic Beast died. Player receives 10 XP for the kill.
|T9 : Player hits Basic Beast with Alpha Sword (8 damage)
|T9 : Monster removed
|T0 : Basic Beast spawned.
|T1 : New turn begins.
|T1 : Targeted Basic Beast
|T1 : Ability (T Fireball) used: 
|T1 : Player hits Basic Beast with T Fireball (10 damage)
-T1 : Turn 1 has ended in 2.4 seconds (Game time: 146.7s)
+T2 : New turn begins.
|T2 : Player --> Basic Beast (2 damage)
|T2 : [Tick 1] Player dealt a DoT of 2
|T2 : Basic Beast --> Player (2 damage)
-T2 : Turn 2 has ended in 4.5 seconds (Game time: 151.2s)
+T3 : New turn begins.
|T3 : Player --> Basic Beast (2 damage)
|T3 : [Tick 1] Player dealt a DoT of 2
|T3 : Hit chance roll: 19
|T3 : Player missed.
-T3 : Turn 3 has ended in 3.3 seconds (Game time: 154.6s)
+T4 : New turn begins.
|T4 : Basic Beast --> Player (5 damage)
-T4 : Turn 4 has ended in 4.5 seconds (Game time: 159.2s)
+T5 : New turn begins.
|T5 : Hit chance roll: 53
|T5 : Player hits Basic Beast with Alpha Sword (4 damage)
-T5 : Turn 5 has ended in 2.3 seconds (Game time: 161.5s)
+T6 : New turn begins.
|T6 : Basic Beast --> Player (5 damage)
-T6 : Turn 6 has ended in 4.5 seconds (Game time: 166.1s)
+T7 : New turn begins.
|T7 : Hit chance roll: 34
|T7 : Player hits Basic Beast with Alpha Sword (5 damage)
-T7 : Turn 7 has ended in 1.9 seconds (Game time: 168.0s)
+T8 : New turn begins.
|T8 : Basic Beast --> Player (2 damage)
-T8 : Turn 8 has ended in 4.5 seconds (Game time: 172.6s)
+T9 : New turn begins.
|T9 : Hit chance roll: 89
|T9 : Player hits Basic Beast with Alpha Sword (8 damage)
-T9 : Turn 9 has ended in 1.6 seconds (Game time: 174.2s)

