|T0 : A new game has started.
|T0 : Player's T Heal unlocked.
|T0 : Player's T Fireball unlocked.
|T0 : Player's T Stun unlocked.
|T0 : Player's T Firestorm unlocked.
|T0 : Player's Alpha Sword unlocked.
|T0 : Player's T Greathammer unlocked.
|T0 : Player's Shadow Dagger unlocked.
|T0 : Basic Beast spawned.
|T1 : New turn begins.
|T1 : Targeted Basic Beast
|T1 : Player's T Firestorm locked.
|T1 : Player's T H34L unlocked.
|T1 : Player's T H34L locked.
|T1 : Player's T KILL unlocked.
|T1 : Ability (T KILL) used: 
|T1 : Congratulations, you have reached level 2!
|T1 : Basic Beast died. Player receives 10 XP for the kill.
|T1 : Player hits Basic Beast with T KILL (99 damage)
|T1 : Monster removed
|T0 : Basic Beast spawned.
|T1 : New turn begins.
|T1 : Targeted Basic Beast
|T1 : Ability (T KILL) used: 
|T1 : Basic Beast died. Player receives 12 XP for the kill.
|T1 : Player hits Basic Beast with T KILL (99 damage)
|T1 : Monster removed
|T0 : Wicked Wizard's T Fireball unlocked.
|T0 : Wicked Wizard's T ManaDrain unlocked.
|T0 : Wicked Wizard's T Shield unlocked.
|T0 : Wicked Wizard spawned.
|T1 : New turn begins.
|T1 : Targeted Wicked Wizard
|T1 : Ability (T KILL) used: 
|T1 : Wicked Wizard died. Player receives 12 XP for the kill.
|T1 : Player hits Wicked Wizard with T KILL (99 damage)
|T1 : Monster removed
|T0 : Basic Beast spawned.
|T1 : New turn begins.
|T1 : Targeted Basic Beast
|T1 : Ability (T KILL) used: 
|T1 : Congratulations, you have reached level 3!
|T1 : Basic Beast died. Player receives 12 XP for the kill.
|T1 : Player hits Basic Beast with T KILL (99 damage)
|T1 : Monster removed
|T1 : Game ended by player.

|T0 : A new game has started.
|T0 : Player's T Heal unlocked.
|T0 : Player's T Fireball unlocked.
|T0 : Player's T Stun unlocked.
|T0 : Player's T Firestorm unlocked.
|T0 : Player's Alpha Sword unlocked.
|T0 : Player's T Greathammer unlocked.
|T0 : Player's Shadow Dagger unlocked.
|T0 : Basic Beast spawned.
|T1 : New turn begins.
|T1 : Targeted Basic Beast
|T1 : Ability (T Firestorm) used: 
|T1 : Player hits Basic Beast with T Firestorm (15 damage)
-T1 : Turn 1 has ended in 3.7 seconds (Game time: 3.7s)

