|T0 : A new game has started.
|T0 : Player's T Heal unlocked.
|T0 : Player's T Fireball unlocked.
|T0 : Player's T Stun unlocked.
|T0 : Player's T Firestorm unlocked.
|T0 : Player's Alpha Sword unlocked.
|T0 : Player's T Greathammer unlocked.
|T0 : Player's Shadow Dagger unlocked.
|T0 : Basic Beast spawned.
|T1 : New turn begins.
|T1 : Targeted Basic Beast
|T1 : Hit chance roll: 50
|T1 : Player hits Basic Beast with Alpha Sword (7 damage)
-T1 : Turn 1 has ended in 167.0 seconds (Game time: 3.7s)
+T2 : New turn begins.
|T2 : Basic Beast --> Player (4 damage)
-T2 : Turn 2 has ended in 4.5 seconds (Game time: 8.3s)
+T3 : New turn begins.
|T3 : Ability (T Firestorm) used: 
|T3 : Player hits Basic Beast with T Firestorm (15 damage)
-T3 : Turn 3 has ended in 1.3 seconds (Game time: 9.7s)

