|T0 : A new game has started.
|T0 : Player's T Heal unlocked.
|T0 : Player's T Fireball unlocked.
|T0 : Player's T Stun unlocked.
|T0 : Player's T Firestorm unlocked.
|T0 : Player's Alpha Sword unlocked.
|T0 : Player's T Greathammer unlocked.
|T0 : Player's Shadow Dagger unlocked.
|T0 : Basic Beast spawned.
|T1 : New turn begins.
|T1 : Targeted Basic Beast
|T1 : Hit chance roll: 31
|T1 : Player hits Basic Beast with Alpha Sword (7 damage)
-T1 : Turn 1 has ended in 4.3 seconds (Game time: 4.3s)
+T2 : New turn begins.
|T2 : Basic Beast --> Player (2 damage)
-T2 : Turn 2 has ended in 4.5 seconds (Game time: 8.8s)
+T3 : New turn begins.
|T3 : Hit chance roll: 92
|T3 : Player hits Basic Beast with Alpha Sword (8 damage)
|T3 : Targeted Basic Beast
|T3 : Targeted Basic Beast
-T3 : Turn 3 has ended in 49.6 seconds (Game time: 58.4s)
+T4 : New turn begins.
|T4 : Basic Beast --> Player (3 damage)
-T4 : Turn 4 has ended in 4.5 seconds (Game time: 63.0s)
+T5 : New turn begins.
|T5 : Hit chance roll: 53
|T5 : Player hits Basic Beast with Alpha Sword (8 damage)
-T5 : Turn 5 has ended in 4.8 seconds (Game time: 67.9s)
+T6 : New turn begins.
|T6 : Basic Beast --> Player (4 damage)
-T6 : Turn 6 has ended in 4.5 seconds (Game time: 72.5s)
+T7 : New turn begins.
|T7 : Hit chance roll: 71
|T7 : Player hits Basic Beast with Alpha Sword (4 damage)
-T7 : Turn 7 has ended in 1.5 seconds (Game time: 74.0s)
+T8 : New turn begins.
|T8 : Basic Beast --> Player (5 damage)
|T8 : Targeted Basic Beast
-T8 : Turn 8 has ended in 4.5 seconds (Game time: 78.6s)
+T9 : New turn begins.
|T9 : Hit chance roll: 18
|T9 : Player missed.
-T9 : Turn 9 has ended in 2.7 seconds (Game time: 81.3s)
+T10 : New turn begins.
|T10 : Basic Beast --> Player (4 damage)
-T10 : Turn 10 has ended in 4.5 seconds (Game time: 85.8s)
+T11 : New turn begins.
|T11 : Hit chance roll: 99
|T11 : Congratulations, you have reached level 2!
|T11 : Basic Beast died. Player receives 10 XP and 5 gold for the kill.
|T11 : Player hits Basic Beast with Alpha Sword (8 damage)
|T11 : Monster removed
|T0 : Wicked Wizard's T Fireball unlocked.
|T0 : Wicked Wizard's T ManaDrain unlocked.
|T0 : Wicked Wizard's T Shield unlocked.
|T0 : Wicked Wizard spawned.
|T1 : New turn begins.
|T1 : Targeted Wicked Wizard
|T1 : Hit chance roll: 81
|T1 : Player hits Wicked Wizard with Alpha Sword (6 damage)
-T1 : Turn 1 has ended in 2.0 seconds (Game time: 88.7s)
+T2 : New turn begins.
|T2 : Ability (T Fireball) used: 
|T2 : Wicked Wizard hits Player with T Fireball (10 damage)
|T2 : Targeted Wicked Wizard
-T2 : Turn 2 has ended in 4.5 seconds (Game time: 93.3s)
+T3 : New turn begins.
|T3 : Wicked Wizard --> Player (2 damage)
|T3 : [Tick 1] Wicked Wizard dealt a DoT of 2
|T3 : Hit chance roll: 41
|T3 : Player hits Wicked Wizard with Alpha Sword (7 damage)
-T3 : Turn 3 has ended in 2.4 seconds (Game time: 95.7s)
+T4 : New turn begins.
|T4 : Wicked Wizard --> Player (2 damage)
|T4 : [Tick 1] Wicked Wizard dealt a DoT of 2
|T4 : Wicked Wizard --> Player (2 damage)
-T4 : Turn 4 has ended in 4.5 seconds (Game time: 100.3s)
+T5 : New turn begins.
|T5 : Hit chance roll: 22
|T5 : Player hits Wicked Wizard with Alpha Sword (8 damage)
-T5 : Turn 5 has ended in 35.0 seconds (Game time: 135.3s)
+T6 : New turn begins.
|T6 : Ability (T Fireball) used: 
|T6 : Wicked Wizard hits Player with T Fireball (10 damage)
-T6 : Turn 6 has ended in 4.5 seconds (Game time: 139.9s)
+T7 : New turn begins.
|T7 : Wicked Wizard --> Player (2 damage)
|T7 : [Tick 1] Wicked Wizard dealt a DoT of 2
|T7 : Hit chance roll: 68
|T7 : Player hits Wicked Wizard with Alpha Sword (7 damage)
-T7 : Turn 7 has ended in 2.2 seconds (Game time: 142.1s)
+T8 : New turn begins.
|T8 : Wicked Wizard --> Player (2 damage)
|T8 : [Tick 1] Wicked Wizard dealt a DoT of 2
|T8 : Wicked Wizard --> Player (3 damage)
|T8 : Targeted Wicked Wizard
-T8 : Turn 8 has ended in 4.5 seconds (Game time: 146.6s)
+T9 : New turn begins.
|T9 : Hit chance roll: 11
|T9 : Player missed.
-T9 : Turn 9 has ended in 1.5 seconds (Game time: 148.2s)
+T10 : New turn begins.
|T10 : Wicked Wizard --> Player (1 damage)
-T10 : Turn 10 has ended in 4.5 seconds (Game time: 152.8s)
+T11 : New turn begins.
|T11 : Hit chance roll: 100
|T11 : Wicked Wizard died. Player receives 12 XP and 10 gold for the kill.
|T11 : Player hits Wicked Wizard with Alpha Sword (4 damage)
|T11 : Monster removed
|T0 : Basic Beast spawned.
|T1 : New turn begins.
|T1 : Targeted Basic Beast
|T1 : Hit chance roll: 52
|T1 : Player hits Basic Beast with Alpha Sword (7 damage)
-T1 : Turn 1 has ended in 12.1 seconds (Game time: 165.5s)
+T2 : New turn begins.
|T2 : Basic Beast --> Player (5 damage)
|T2 : Targeted Basic Beast
-T2 : Turn 2 has ended in 4.5 seconds (Game time: 170.0s)
+T3 : New turn begins.
|T3 : Hit chance roll: 31
|T3 : Player hits Basic Beast with Alpha Sword (8 damage)
-T3 : Turn 3 has ended in 2.8 seconds (Game time: 172.9s)
+T4 : New turn begins.
|T4 : Basic Beast --> Player (3 damage)
-T4 : Turn 4 has ended in 4.5 seconds (Game time: 177.4s)
+T5 : New turn begins.
|T5 : Hit chance roll: 57
|T5 : Player hits Basic Beast with Alpha Sword (8 damage)
-T5 : Turn 5 has ended in 1.9 seconds (Game time: 179.4s)
+T6 : New turn begins.
|T6 : Basic Beast --> Player (5 damage)
-T6 : Turn 6 has ended in 4.5 seconds (Game time: 184.0s)
+T7 : New turn begins.
|T7 : Hit chance roll: 83
|T7 : Player hits Basic Beast with Alpha Sword (4 damage)
-T7 : Turn 7 has ended in 1.8 seconds (Game time: 185.8s)
+T8 : New turn begins.
|T8 : Basic Beast --> Player (5 damage)
|T8 : Targeted Basic Beast
-T8 : Turn 8 has ended in 4.5 seconds (Game time: 190.4s)
+T9 : New turn begins.
|T9 : Hit chance roll: 82
|T9 : Basic Beast died. Player receives 12 XP and 10 gold for the kill.
|T9 : Player hits Basic Beast with Alpha Sword (9 damage)
|T9 : Monster removed
|T0 : Wicked Wizard's T Fireball unlocked.
|T0 : Wicked Wizard's T ManaDrain unlocked.
|T0 : Wicked Wizard's T Shield unlocked.
|T0 : Wicked Wizard spawned.
|T1 : New turn begins.
|T1 : Targeted Wicked Wizard
|T1 : Hit chance roll: 72
|T1 : Player hits Wicked Wizard with Alpha Sword (9 damage)
-T1 : Turn 1 has ended in 10.7 seconds (Game time: 201.2s)
+T2 : New turn begins.
|T2 : Ability (T Fireball) used: 
|T2 : Wicked Wizard hits Player with T Fireball (10 damage)
|T2 : Targeted Wicked Wizard
|T2 : Targeted Wicked Wizard
-T2 : Turn 2 has ended in 4.5 seconds (Game time: 205.8s)
+T3 : New turn begins.
|T3 : Wicked Wizard --> Player (2 damage)
|T3 : [Tick 1] Wicked Wizard dealt a DoT of 2
|T3 : Hit chance roll: 97
|T3 : Player hits Wicked Wizard with Alpha Sword (9 damage)
|T3 : Targeted Wicked Wizard
|T3 : Targeted Wicked Wizard
-T3 : Turn 3 has ended in 19.0 seconds (Game time: 224.9s)
+T4 : New turn begins.
|T4 : Wicked Wizard --> Player (2 damage)
|T4 : [Tick 1] Wicked Wizard dealt a DoT of 2
|T4 : Wicked Wizard --> Player (3 damage)
|T4 : Targeted Wicked Wizard
-T4 : Turn 4 has ended in 4.5 seconds (Game time: 229.4s)
+T5 : New turn begins.
|T5 : Hit chance roll: 9
|T5 : Player missed.
-T5 : Turn 5 has ended in 2.8 seconds (Game time: 232.3s)
+T6 : New turn begins.
|T6 : Ability (T Fireball) used: 
|T6 : Wicked Wizard hits Player with T Fireball (10 damage)
-T6 : Turn 6 has ended in 4.5 seconds (Game time: 236.9s)
+T7 : New turn begins.
|T7 : Wicked Wizard --> Player (2 damage)
|T7 : [Tick 1] Wicked Wizard dealt a DoT of 2
|T7 : Hit chance roll: 98
|T7 : Player hits Wicked Wizard with Alpha Sword (8 damage)
-T7 : Turn 7 has ended in 4.5 seconds (Game time: 241.5s)
+T8 : New turn begins.
|T8 : Wicked Wizard --> Player (2 damage)
|T8 : [Tick 1] Wicked Wizard dealt a DoT of 2
|T8 : Wicked Wizard --> Player (3 damage)
-T8 : Turn 8 has ended in 4.5 seconds (Game time: 246.0s)
+T9 : New turn begins.
|T9 : Ability (T Heal) used: 
|T9 : Player heals Player (10 health)
-T9 : Turn 9 has ended in 2.2 seconds (Game time: 248.3s)
+T10 : New turn begins.
|T10 : [Tick 1] Player heals HoT of 3
|T10 : [Tick 2] Player restores mana MoT of 2
|T10 : Wicked Wizard --> Player (2 damage)
-T10 : Turn 10 has ended in 4.5 seconds (Game time: 252.8s)
+T11 : New turn begins.
|T11 : [Tick 1] Player heals HoT of 3
|T11 : [Tick 2] Player restores mana MoT of 2
|T11 : Hit chance roll: 62
|T11 : Player hits Wicked Wizard with Alpha Sword (4 damage)
-T11 : Turn 11 has ended in 1.6 seconds (Game time: 254.5s)
+T12 : New turn begins.
|T12 : [Tick 1] Player heals HoT of 3
|T12 : [Tick 2] Player restores mana MoT of 2
|T12 : Wicked Wizard --> Player (3 damage)
-T12 : Turn 12 has ended in 4.5 seconds (Game time: 259.1s)
+T13 : New turn begins.
|T13 : Hit chance roll: 82
|T13 : Congratulations, you have reached level 3!
|T13 : Wicked Wizard died. Player receives 12 XP and 10 gold for the kill.
|T13 : Player hits Wicked Wizard with Alpha Sword (5 damage)
|T13 : Monster removed
|T0 : Wicked Wizard's T Fireball unlocked.
|T0 : Wicked Wizard's T ManaDrain unlocked.
|T0 : Wicked Wizard's T Shield unlocked.
|T0 : Wicked Wizard spawned.
|T0 : Wicked Wizard's T Fireball unlocked.
|T0 : Wicked Wizard's T ManaDrain unlocked.
|T0 : Wicked Wizard's T Shield unlocked.
|T0 : Wicked Wizard spawned.
|T1 : New turn begins.
|T1 : Targeted Wicked Wizard
|T1 : Ability (T Heal) used: 
|T1 : Player heals Player (10 health)
-T1 : Turn 1 has ended in 2.3 seconds (Game time: 263.6s)
+T2 : New turn begins.
|T2 : [Tick 1] Player heals HoT of 3
|T2 : [Tick 2] Player restores mana MoT of 2
|T2 : Ability (T Fireball) used: 
|T2 : Wicked Wizard hits Player with T Fireball (10 damage)
|T2 : Ability (T Fireball) used: 
|T2 : Wicked Wizard hits Player with T Fireball (10 damage)
-T2 : Turn 2 has ended in 7.5 seconds (Game time: 271.1s)
+T3 : New turn begins.
|T3 : [Tick 1] Player heals HoT of 3
|T3 : [Tick 2] Player restores mana MoT of 2
|T3 : Wicked Wizard --> Player (2 damage)
|T3 : [Tick 1] Wicked Wizard dealt a DoT of 2
|T3 : Wicked Wizard --> Player (2 damage)
|T3 : [Tick 1] Wicked Wizard dealt a DoT of 2
|T3 : Ability (T Fireball) used: 
|T3 : Player hits Wicked Wizard with T Fireball (10 damage)
-T3 : Turn 3 has ended in 2.7 seconds (Game time: 273.9s)
+T4 : New turn begins.
|T4 : [Tick 1] Player heals HoT of 3
|T4 : [Tick 2] Player restores mana MoT of 2
|T4 : Player --> Wicked Wizard (2 damage)
|T4 : [Tick 3] Player dealt a DoT of 2
|T4 : Wicked Wizard --> Player (2 damage)
|T4 : [Tick 1] Wicked Wizard dealt a DoT of 2
|T4 : Wicked Wizard --> Player (2 damage)
|T4 : [Tick 1] Wicked Wizard dealt a DoT of 2
|T4 : Wicked Wizard --> Player (1 damage)
|T4 : Wicked Wizard --> Player (1 damage)
-T4 : Turn 4 has ended in 7.5 seconds (Game time: 281.5s)
+T5 : New turn begins.
|T5 : Player --> Wicked Wizard (2 damage)
|T5 : [Tick 1] Player dealt a DoT of 2
|T5 : Ability (T Firestorm) used: 
|T5 : Player hits Wicked Wizard with T Firestorm (15 damage)
|T5 : Player hits Wicked Wizard with T Firestorm (15 damage)
-T5 : Turn 5 has ended in 3.8 seconds (Game time: 285.4s)
+T6 : New turn begins.
|T6 : Player --> Wicked Wizard (1 damage)
|T6 : [Tick 1] Player dealt a DoT of 1
|T6 : Ability (T Fireball) used: 
|T6 : Wicked Wizard hits Player with T Fireball (10 damage)
|T6 : Targeted Wicked Wizard
|T6 : Targeted Wicked Wizard
|T6 : Ability (T Fireball) used: 
|T6 : Wicked Wizard hits Player with T Fireball (10 damage)
|T6 : Targeted Wicked Wizard
-T6 : Turn 6 has ended in 7.5 seconds (Game time: 293.0s)
+T7 : New turn begins.
|T7 : Player --> Wicked Wizard (1 damage)
|T7 : [Tick 1] Player dealt a DoT of 1
|T7 : Wicked Wizard --> Player (2 damage)
|T7 : [Tick 1] Wicked Wizard dealt a DoT of 2
|T7 : Wicked Wizard --> Player (2 damage)
|T7 : [Tick 1] Wicked Wizard dealt a DoT of 2
|T7 : Hit chance roll: 18
|T7 : Player missed.
-T7 : Turn 7 has ended in 1.3 seconds (Game time: 294.3s)
+T8 : New turn begins.
|T8 : Player --> Wicked Wizard (1 damage)
|T8 : [Tick 1] Player dealt a DoT of 1
|T8 : Wicked Wizard --> Player (2 damage)
|T8 : [Tick 1] Wicked Wizard dealt a DoT of 2
|T8 : Wicked Wizard --> Player (2 damage)
|T8 : [Tick 1] Wicked Wizard dealt a DoT of 2
|T8 : Targeted Wicked Wizard
|T8 : Targeted Wicked Wizard
|T8 : Wicked Wizard --> Player (2 damage)
|T8 : Wicked Wizard --> Player (3 damage)
|T8 : Targeted Wicked Wizard
|T8 : Targeted Wicked Wizard
-T8 : Turn 8 has ended in 7.5 seconds (Game time: 301.9s)
+T9 : New turn begins.
|T9 : Hit chance roll: 8
|T9 : Player missed.
-T9 : Turn 9 has ended in 3.7 seconds (Game time: 305.7s)
+T10 : New turn begins.
|T10 : Ability (T Fireball) used: 
|T10 : Wicked Wizard hits Player with T Fireball (10 damage)
|T10 : Ability (T Fireball) used: 
|T10 : Wicked Wizard hits Player with T Fireball (10 damage)
-T10 : Turn 10 has ended in 7.5 seconds (Game time: 313.3s)
+T11 : New turn begins.
|T11 : Wicked Wizard --> Player (2 damage)
|T11 : [Tick 1] Wicked Wizard dealt a DoT of 2
|T11 : Wicked Wizard --> Player (2 damage)
|T11 : [Tick 1] Wicked Wizard dealt a DoT of 2
|T11 : Hit chance roll: 8
|T11 : Player missed.
|T11 : Targeted Wicked Wizard
|T11 : Targeted Wicked Wizard
|T11 : Targeted Wicked Wizard
|T11 : Targeted Wicked Wizard
-T11 : Turn 11 has ended in 6.9 seconds (Game time: 320.2s)
+T12 : New turn begins.
|T12 : Wicked Wizard --> Player (2 damage)
|T12 : [Tick 1] Wicked Wizard dealt a DoT of 2
|T12 : Wicked Wizard --> Player (2 damage)
|T12 : [Tick 1] Wicked Wizard dealt a DoT of 2
|T12 : Targeted Wicked Wizard
|T12 : Wicked Wizard --> Player (3 damage)
|T12 : Targeted Wicked Wizard
|T12 : Targeted Wicked Wizard
|T12 : Wicked Wizard --> Player (2 damage)
-T12 : Turn 12 has ended in 7.5 seconds (Game time: 327.8s)
+T13 : New turn begins.
|T13 : Targeted Wicked Wizard
|T13 : Hit chance roll: 98
|T13 : Targeted Wicked Wizard
|T13 : Wicked Wizard died. Player receives 16 XP and 15 gold for the kill.
|T13 : Player hits Wicked Wizard with Alpha Sword (9 damage)
-T13 : Turn 13 has ended in 2.1 seconds (Game time: 329.9s)
+T14 : New turn begins.
|T14 : Wicked Wizard --> Player (2 damage)
-T14 : Turn 14 has ended in 4.5 seconds (Game time: 334.5s)
+T15 : New turn begins.
|T15 : Hit chance roll: 50
|T15 : Player hits Wicked Wizard with Alpha Sword (5 damage)
-T15 : Turn 15 has ended in 2.6 seconds (Game time: 337.1s)
+T16 : New turn begins.
-T16 : Turn 16 has ended in 1.5 seconds (Game time: 338.6s)
+T17 : New turn begins.
|T17 : Hit chance roll: 27
|T17 : Player hits Wicked Wizard with Alpha Sword (8 damage)
-T17 : Turn 17 has ended in 6.2 seconds (Game time: 344.9s)

