|T0 : A new game has started.
|T0 : Player's T Heal unlocked.
|T0 : Player's T Fireball unlocked.
|T0 : Player's T Stun unlocked.
|T0 : Player's T Firestorm unlocked.
|T0 : Player's Alpha Sword unlocked.
|T0 : Player's T Greathammer unlocked.
|T0 : Player's Shadow Dagger unlocked.
|T0 : Basic Beast spawned.
|T1 : New turn begins.
|T1 : Targeted Basic Beast
|T1 : Hit chance roll: 34
|T1 : Player hits Basic Beast with Alpha Sword (5 damage)
-T1 : Turn 1 has ended in 14.7 seconds (Game time: 14.7s)
+T2 : New turn begins.
|T2 : Basic Beast --> Player (4 damage)
-T2 : Turn 2 has ended in 4.5 seconds (Game time: 19.2s)
+T3 : New turn begins.
|T3 : Hit chance roll: 52
|T3 : Player hits Basic Beast with Alpha Sword (9 damage)
-T3 : Turn 3 has ended in 5.1 seconds (Game time: 24.4s)
+T4 : New turn begins.
|T4 : Basic Beast --> Player (3 damage)
-T4 : Turn 4 has ended in 4.5 seconds (Game time: 28.9s)
+T5 : New turn begins.
|T5 : Hit chance roll: 100
|T5 : Player hits Basic Beast with Alpha Sword (4 damage)
-T5 : Turn 5 has ended in 1.2 seconds (Game time: 30.2s)
+T6 : New turn begins.
|T6 : Basic Beast --> Player (4 damage)
-T6 : Turn 6 has ended in 4.5 seconds (Game time: 34.8s)
+T7 : New turn begins.
|T7 : Hit chance roll: 0
|T7 : Player missed.
-T7 : Turn 7 has ended in 1.8 seconds (Game time: 36.6s)
+T8 : New turn begins.
|T8 : Basic Beast --> Player (4 damage)
-T8 : Turn 8 has ended in 4.5 seconds (Game time: 41.2s)
+T9 : New turn begins.
|T9 : Hit chance roll: 83
|T9 : Player hits Basic Beast with Alpha Sword (7 damage)
-T9 : Turn 9 has ended in 1.8 seconds (Game time: 43.0s)
+T10 : New turn begins.
|T10 : Basic Beast --> Player (2 damage)
-T10 : Turn 10 has ended in 4.5 seconds (Game time: 47.6s)
+T11 : New turn begins.
|T11 : Hit chance roll: 60
|T11 : Congratulations, you have reached level 2!
|T11 : Basic Beast died. Player receives 10 XP for the kill.
|T11 : Player hits Basic Beast with Alpha Sword (9 damage)
|T11 : Monster removed
|T0 : Wicked Wizard's T Fireball unlocked.
|T0 : Wicked Wizard's T ManaDrain unlocked.
|T0 : Wicked Wizard's T Shield unlocked.
|T0 : Wicked Wizard spawned.
|T1 : New turn begins.
|T1 : Targeted Wicked Wizard
|T1 : Hit chance roll: 92
|T1 : Player hits Wicked Wizard with Alpha Sword (6 damage)
-T1 : Turn 1 has ended in 3.5 seconds (Game time: 53.2s)
+T2 : New turn begins.
|T2 : Ability (T Fireball) used: 
|T2 : Wicked Wizard hits Player with T Fireball (10 damage)
-T2 : Turn 2 has ended in 4.5 seconds (Game time: 57.7s)
+T3 : New turn begins.
|T3 : Wicked Wizard --> Player (2 damage)
|T3 : [Tick 1] Wicked Wizard dealt a DoT of 2
|T3 : Ability (T Fireball) used: 
|T3 : Player hits Wicked Wizard with T Fireball (10 damage)
-T3 : Turn 3 has ended in 3.1 seconds (Game time: 60.9s)
+T4 : New turn begins.
|T4 : Player --> Wicked Wizard (2 damage)
|T4 : [Tick 1] Player dealt a DoT of 2
|T4 : Wicked Wizard --> Player (2 damage)
|T4 : [Tick 1] Wicked Wizard dealt a DoT of 2
|T4 : Wicked Wizard --> Player (2 damage)
-T4 : Turn 4 has ended in 4.5 seconds (Game time: 65.4s)
+T5 : New turn begins.
|T5 : Player --> Wicked Wizard (2 damage)
|T5 : [Tick 1] Player dealt a DoT of 2
|T5 : Hit chance roll: 52
|T5 : Player hits Wicked Wizard with Alpha Sword (4 damage)
-T5 : Turn 5 has ended in 3.2 seconds (Game time: 68.7s)
+T6 : New turn begins.
|T6 : Ability (T Fireball) used: 
|T6 : Wicked Wizard hits Player with T Fireball (10 damage)
-T6 : Turn 6 has ended in 4.5 seconds (Game time: 73.2s)
+T7 : New turn begins.
|T7 : Wicked Wizard --> Player (2 damage)
|T7 : [Tick 1] Wicked Wizard dealt a DoT of 2
|T7 : Hit chance roll: 4
|T7 : Player missed.
-T7 : Turn 7 has ended in 2.4 seconds (Game time: 75.7s)
+T8 : New turn begins.
|T8 : Wicked Wizard --> Player (2 damage)
|T8 : [Tick 1] Wicked Wizard dealt a DoT of 2
|T8 : Wicked Wizard --> Player (3 damage)
-T8 : Turn 8 has ended in 4.5 seconds (Game time: 80.3s)
+T9 : New turn begins.
|T9 : Hit chance roll: 99
|T9 : Wicked Wizard died. Player receives 12 XP for the kill.
|T9 : Player hits Wicked Wizard with Alpha Sword (9 damage)
|T9 : Monster removed
|T0 : Wicked Wizard's T Fireball unlocked.
|T0 : Wicked Wizard's T ManaDrain unlocked.
|T0 : Wicked Wizard's T Shield unlocked.
|T0 : Wicked Wizard spawned.
|T1 : New turn begins.
|T1 : Targeted Wicked Wizard
|T1 : Hit chance roll: 34
|T1 : Player hits Wicked Wizard with Alpha Sword (9 damage)
-T1 : Turn 1 has ended in 1.7 seconds (Game time: 83.0s)
+T2 : New turn begins.
|T2 : Ability (T Fireball) used: 
|T2 : Wicked Wizard hits Player with T Fireball (10 damage)
-T2 : Turn 2 has ended in 4.5 seconds (Game time: 87.5s)
+T3 : New turn begins.
|T3 : Wicked Wizard --> Player (2 damage)
|T3 : [Tick 1] Wicked Wizard dealt a DoT of 2
|T3 : Ability (T Fireball) used: 
|T3 : Player hits Wicked Wizard with T Fireball (10 damage)
-T3 : Turn 3 has ended in 1.0 seconds (Game time: 88.5s)
+T4 : New turn begins.
|T4 : Player --> Wicked Wizard (2 damage)
|T4 : [Tick 1] Player dealt a DoT of 2
|T4 : Wicked Wizard --> Player (2 damage)
|T4 : [Tick 1] Wicked Wizard dealt a DoT of 2
|T4 : Wicked Wizard --> Player (1 damage)
-T4 : Turn 4 has ended in 4.5 seconds (Game time: 93.1s)
+T5 : New turn begins.
|T5 : Player --> Wicked Wizard (2 damage)
|T5 : [Tick 1] Player dealt a DoT of 2
|T5 : Hit chance roll: 36
|T5 : Player hits Wicked Wizard with Alpha Sword (7 damage)
-T5 : Turn 5 has ended in 2.4 seconds (Game time: 95.6s)
+T6 : New turn begins.
|T6 : Ability (T Fireball) used: 
|T6 : Wicked Wizard hits Player with T Fireball (10 damage)
-T6 : Turn 6 has ended in 4.5 seconds (Game time: 100.1s)
+T7 : New turn begins.
|T7 : Wicked Wizard --> Player (2 damage)
|T7 : [Tick 1] Wicked Wizard dealt a DoT of 2
|T7 : Hit chance roll: 31
|T7 : Wicked Wizard died. Player receives 12 XP for the kill.
|T7 : Player hits Wicked Wizard with Alpha Sword (4 damage)
|T7 : Monster removed
|T0 : Basic Beast spawned.
|T1 : New turn begins.
|T1 : Targeted Basic Beast
|T1 : Hit chance roll: 100
|T1 : Player hits Basic Beast with Alpha Sword (6 damage)
-T1 : Turn 1 has ended in 1.6 seconds (Game time: 102.7s)
+T2 : New turn begins.
|T2 : Basic Beast --> Player (3 damage)
-T2 : Turn 2 has ended in 4.5 seconds (Game time: 107.2s)
+T3 : New turn begins.
|T3 : Hit chance roll: 72
|T3 : Player hits Basic Beast with Alpha Sword (5 damage)
-T3 : Turn 3 has ended in 1.9 seconds (Game time: 109.2s)
+T4 : New turn begins.
|T4 : Basic Beast --> Player (3 damage)
-T4 : Turn 4 has ended in 4.5 seconds (Game time: 113.8s)
+T5 : New turn begins.
|T5 : Ability (T Fireball) used: 
|T5 : Player hits Basic Beast with T Fireball (10 damage)
-T5 : Turn 5 has ended in 0.8 seconds (Game time: 114.6s)
+T6 : New turn begins.
|T6 : Player --> Basic Beast (2 damage)
|T6 : [Tick 1] Player dealt a DoT of 2
|T6 : Basic Beast --> Player (5 damage)
-T6 : Turn 6 has ended in 4.5 seconds (Game time: 119.2s)
+T7 : New turn begins.
|T7 : Player --> Basic Beast (2 damage)
|T7 : [Tick 1] Player dealt a DoT of 2
|T7 : Hit chance roll: 48
|T7 : Player hits Basic Beast with Alpha Sword (4 damage)
-T7 : Turn 7 has ended in 2.4 seconds (Game time: 121.7s)

