|T0 : A new game has started.
|T0 : Player's T Heal unlocked.
|T0 : Player's T Fireball unlocked.
|T0 : Player's T Stun unlocked.
|T0 : Player's T Firestorm unlocked.
|T0 : Player's Alpha Sword unlocked.
|T0 : Player's T Greathammer unlocked.
|T0 : Player's Shadow Dagger unlocked.
|T0 : Basic Beast spawned.
|T1 : New turn begins.
|T1 : Targeted Basic Beast
|T1 : Ability (T Fireball) used: 
|T1 : Player hits Basic Beast with T Fireball (10 damage)
-T1 : Turn 1 has ended in 245.6 seconds (Game time: 245.6s)
+T2 : New turn begins.
|T2 : Player --> Basic Beast (2 damage)
|T2 : [Tick 1] Player dealt a DoT of 2
|T2 : Basic Beast --> Player (5 damage)
-T2 : Turn 2 has ended in 4.5 seconds (Game time: 250.2s)
+T3 : New turn begins.
|T3 : Player --> Basic Beast (2 damage)
|T3 : [Tick 1] Player dealt a DoT of 2
|T3 : Hit chance roll: 56
|T3 : Player hits Basic Beast with Alpha Sword (9 damage)
-T3 : Turn 3 has ended in 4.6 seconds (Game time: 254.8s)
+T4 : New turn begins.
|T4 : Basic Beast --> Player (4 damage)
-T4 : Turn 4 has ended in 4.5 seconds (Game time: 259.3s)
+T5 : New turn begins.
|T5 : Ability (T Heal) used: 
|T5 : Player heals Player (10 health)
-T5 : Turn 5 has ended in 21.4 seconds (Game time: 280.8s)
+T6 : New turn begins.
|T6 : [Tick 1] Player heals HoT of 3
|T6 : [Tick 2] Player restores mana MoT of 2
|T6 : Basic Beast --> Player (2 damage)
-T6 : Turn 6 has ended in 4.5 seconds (Game time: 285.4s)
+T7 : New turn begins.
|T7 : [Tick 1] Player heals HoT of 3
|T7 : [Tick 2] Player restores mana MoT of 2
|T7 : Player switched weapons.
|T7 : Player switched weapons.
|T7 : Player switched weapons.
|T7 : Player --> Basic Beast (6 damage)
-T7 : Turn 7 has ended in 4.3 seconds (Game time: 289.8s)
+T8 : New turn begins.
|T8 : [Tick 1] Player heals HoT of 3
|T8 : [Tick 2] Player restores mana MoT of 2
|T8 : Basic Beast --> Player (5 damage)
-T8 : Turn 8 has ended in 4.5 seconds (Game time: 294.3s)
+T9 : New turn begins.
|T9 : Congratulations, you have reached level 2!
|T9 : Basic Beast died. Player receives 10 XP and 5 gold for the kill.
|T9 : Player --> Basic Beast (7 damage)
|T9 : Monster removed
|T0 : Wicked Wizard's T Fireball unlocked.
|T0 : Wicked Wizard's T ManaDrain unlocked.
|T0 : Wicked Wizard's T Shield unlocked.
|T0 : Wicked Wizard spawned.
|T1 : New turn begins.
|T1 : Targeted Wicked Wizard
|T1 : Ability (T Firestorm) used: 
|T1 : Player hits Wicked Wizard with T Firestorm (15 damage)
-T1 : Turn 1 has ended in 6.4 seconds (Game time: 302.1s)
+T2 : New turn begins.
|T2 : Player --> Wicked Wizard (1 damage)
|T2 : [Tick 1] Player dealt a DoT of 1
|T2 : Ability (T Fireball) used: 
|T2 : Wicked Wizard hits Player with T Fireball (10 damage)
-T2 : Turn 2 has ended in 4.5 seconds (Game time: 306.6s)
+T3 : New turn begins.
|T3 : Player --> Wicked Wizard (1 damage)
|T3 : [Tick 1] Player dealt a DoT of 1
|T3 : Wicked Wizard --> Player (2 damage)
|T3 : [Tick 1] Wicked Wizard dealt a DoT of 2
|T3 : Player --> Wicked Wizard (8 damage)
-T3 : Turn 3 has ended in 2.3 seconds (Game time: 308.9s)
+T4 : New turn begins.
|T4 : Player --> Wicked Wizard (1 damage)
|T4 : [Tick 1] Player dealt a DoT of 1
|T4 : Wicked Wizard --> Player (2 damage)
|T4 : [Tick 1] Wicked Wizard dealt a DoT of 2
|T4 : Wicked Wizard --> Player (2 damage)
-T4 : Turn 4 has ended in 4.5 seconds (Game time: 313.5s)
+T5 : New turn begins.
|T5 : Player --> Wicked Wizard (5 damage)
-T5 : Turn 5 has ended in 4.0 seconds (Game time: 317.6s)

