|T0 : A new game has started.
|T0 : Player's T Heal unlocked.
|T0 : Player's T Fireball unlocked.
|T0 : Player's T Stun unlocked.
|T0 : Player's T Firestorm unlocked.
|T0 : Player's Alpha Sword unlocked.
|T0 : Player's T Greathammer unlocked.
|T0 : Player's Shadow Dagger unlocked.
|T0 : Basic Beast spawned.
|T1 : New turn begins.
|T1 : Targeted Basic Beast
-T1 : Turn 1 has ended in 50.9 seconds (Game time: 50.9s)
+T2 : New turn begins.
|T2 : Basic Beast --> Player (5 damage)
-T2 : Turn 2 has ended in 4.5 seconds (Game time: 55.5s)
+T3 : New turn begins.
-T3 : Turn 3 has ended in 0.8 seconds (Game time: 56.4s)
+T4 : New turn begins.
|T4 : Basic Beast --> Player (2 damage)
-T4 : Turn 4 has ended in 4.5 seconds (Game time: 60.9s)
+T5 : New turn begins.
-T5 : Turn 5 has ended in 11.6 seconds (Game time: 72.5s)
+T6 : New turn begins.
|T6 : Basic Beast --> Player (4 damage)
-T6 : Turn 6 has ended in 4.5 seconds (Game time: 77.1s)
+T7 : New turn begins.
|T7 : Hit chance roll: 20
|T7 : Player hits Basic Beast with Alpha Sword (7 damage)
-T7 : Turn 7 has ended in 24.4 seconds (Game time: 101.6s)
+T8 : New turn begins.
|T8 : Basic Beast --> Player (5 damage)
-T8 : Turn 8 has ended in 4.5 seconds (Game time: 106.1s)
+T9 : New turn begins.
|T9 : Hit chance roll: 70
|T9 : Player hits Basic Beast with Alpha Sword (4 damage)
-T9 : Turn 9 has ended in 63.0 seconds (Game time: 169.3s)
+T10 : New turn begins.
|T10 : Basic Beast --> Player (4 damage)
-T10 : Turn 10 has ended in 4.5 seconds (Game time: 173.8s)
+T11 : New turn begins.
|T11 : Hit chance roll: 37
|T11 : Player hits Basic Beast with Alpha Sword (7 damage)
-T11 : Turn 11 has ended in 11.8 seconds (Game time: 185.7s)
+T12 : New turn begins.
|T12 : Basic Beast --> Player (3 damage)
-T12 : Turn 12 has ended in 4.5 seconds (Game time: 190.3s)
+T13 : New turn begins.
|T13 : Ability (T Fireball) used: 
|T13 : Player hits Basic Beast with T Fireball (10 damage)
-T13 : Turn 13 has ended in 7.6 seconds (Game time: 198.0s)
+T14 : New turn begins.
|T14 : Congratulations, you have reached level 2!
|T14 : Basic Beast died. Player receives 10 XP for the kill.
|T14 : Player --> Basic Beast (2 damage)
|T14 : [Tick 1] Player dealt a DoT of 2
|T14 : Monster removed
|T0 : Wicked Wizard's T Fireball unlocked.
|T0 : Wicked Wizard's T ManaDrain unlocked.
|T0 : Wicked Wizard's T Shield unlocked.
|T0 : Wicked Wizard spawned.
|T1 : New turn begins.
|T1 : Targeted Wicked Wizard
-T1 : Turn 1 has ended in 0.3 seconds (Game time: 198.4s)
+T2 : New turn begins.
|T2 : Ability (T Fireball) used: 
|T2 : Wicked Wizard hits Player with T Fireball (10 damage)
-T2 : Turn 2 has ended in 1.5 seconds (Game time: 200.0s)
+T3 : New turn begins.
|T3 : Wicked Wizard --> Player (2 damage)
|T3 : [Tick 1] Wicked Wizard dealt a DoT of 2
|T3 : Hit chance roll: 62
|T3 : Player hits Wicked Wizard with Alpha Sword (4 damage)
-T3 : Turn 3 has ended in 2.4 seconds (Game time: 202.4s)
+T4 : New turn begins.
|T4 : Wicked Wizard --> Player (2 damage)
|T4 : [Tick 1] Wicked Wizard dealt a DoT of 2
|T4 : Wicked Wizard --> Player (1 damage)
-T4 : Turn 4 has ended in 4.5 seconds (Game time: 207.0s)
+T5 : New turn begins.
|T5 : Hit chance roll: 74
|T5 : Player hits Wicked Wizard with Alpha Sword (5 damage)
-T5 : Turn 5 has ended in 1.7 seconds (Game time: 208.7s)
+T6 : New turn begins.
|T6 : Ability (T Fireball) used: 
|T6 : Wicked Wizard hits Player with T Fireball (10 damage)
-T6 : Turn 6 has ended in 4.5 seconds (Game time: 213.3s)
+T7 : New turn begins.
|T7 : Wicked Wizard --> Player (2 damage)
|T7 : [Tick 1] Wicked Wizard dealt a DoT of 2
|T7 : Hit chance roll: 89
|T7 : Player hits Wicked Wizard with Alpha Sword (7 damage)
-T7 : Turn 7 has ended in 2.3 seconds (Game time: 215.6s)
+T8 : New turn begins.
|T8 : Wicked Wizard --> Player (2 damage)
|T8 : [Tick 1] Wicked Wizard dealt a DoT of 2
|T8 : Wicked Wizard --> Player (3 damage)
-T8 : Turn 8 has ended in 4.5 seconds (Game time: 220.2s)
+T9 : New turn begins.
|T9 : Hit chance roll: 20
|T9 : Player hits Wicked Wizard with Alpha Sword (9 damage)
-T9 : Turn 9 has ended in 1.5 seconds (Game time: 221.7s)
+T10 : New turn begins.
|T10 : Wicked Wizard --> Player (2 damage)
-T10 : Turn 10 has ended in 4.5 seconds (Game time: 226.3s)
+T11 : New turn begins.
|T11 : Hit chance roll: 77
|T11 : Player hits Wicked Wizard with Alpha Sword (6 damage)
-T11 : Turn 11 has ended in 3.5 seconds (Game time: 229.9s)
+T12 : New turn begins.
|T12 : Wicked Wizard --> Player (1 damage)
-T12 : Turn 12 has ended in 4.5 seconds (Game time: 234.4s)
+T13 : New turn begins.
|T13 : Hit chance roll: 46
|T13 : Wicked Wizard died. Player receives 12 XP for the kill.
|T13 : Player hits Wicked Wizard with Alpha Sword (7 damage)
|T13 : Monster removed
|T0 : Weak Wolf's (M) Basic Attack unlocked.
|T0 : Weak Wolf spawned.
|T1 : New turn begins.
|T1 : Targeted Weak Wolf
|T1 : Hit chance roll: 45
|T1 : Player hits Weak Wolf with Alpha Sword (9 damage)
-T1 : Turn 1 has ended in 3.3 seconds (Game time: 238.8s)
+T2 : New turn begins.
|T2 : Hit chance roll: 54
|T2 : Weak Wolf hits Player with (M) Basic Attack (4 damage)
-T2 : Turn 2 has ended in 4.5 seconds (Game time: 243.4s)
+T3 : New turn begins.
|T3 : Hit chance roll: 4
|T3 : Player missed.
-T3 : Turn 3 has ended in 2.9 seconds (Game time: 246.3s)
+T4 : New turn begins.
|T4 : Hit chance roll: 72
|T4 : Weak Wolf hits Player with (M) Basic Attack (6 damage)
-T4 : Turn 4 has ended in 4.5 seconds (Game time: 250.9s)
+T5 : New turn begins.
|T5 : Hit chance roll: 99
|T5 : Player hits Weak Wolf with Alpha Sword (7 damage)
-T5 : Turn 5 has ended in 78.6 seconds (Game time: 329.5s)
+T6 : New turn begins.
|T6 : Hit chance roll: 87
|T6 : Weak Wolf hits Player with (M) Basic Attack (6 damage)
-T6 : Turn 6 has ended in 4.5 seconds (Game time: 334.1s)
+T7 : New turn begins.
|T7 : Hit chance roll: 76
|T7 : Player hits Weak Wolf with Alpha Sword (7 damage)
-T7 : Turn 7 has ended in 34.2 seconds (Game time: 368.4s)

