|T0 : A new game has started.
|T0 : Player's T Heal unlocked.
|T0 : Player's T Fireball unlocked.
|T0 : Player's T Stun unlocked.
|T0 : Player's T Firestorm unlocked.
|T0 : Player's Alpha Sword unlocked.
|T0 : Player's T Greathammer unlocked.
|T0 : Player's Shadow Dagger unlocked.
|T0 : Basic Beast spawned.
|T1 : New turn begins.
|T1 : Targeted Basic Beast
|T1 : Hit chance roll: 47
|T1 : Player hits Basic Beast with Alpha Sword (8 damage)
-T1 : Turn 1 has ended in 1.1 seconds (Game time: 1.1s)
+T2 : New turn begins.
|T2 : Basic Beast --> Player (4 damage)
-T2 : Turn 2 has ended in 4.5 seconds (Game time: 5.6s)
+T3 : New turn begins.
|T3 : Hit chance roll: 44
|T3 : Player hits Basic Beast with Alpha Sword (8 damage)
-T3 : Turn 3 has ended in 6.9 seconds (Game time: 12.6s)
+T4 : New turn begins.
|T4 : Basic Beast --> Player (2 damage)
-T4 : Turn 4 has ended in 4.5 seconds (Game time: 17.1s)
+T5 : New turn begins.
-T5 : Turn 5 has ended in 2.3 seconds (Game time: 19.4s)
+T6 : New turn begins.
|T6 : Basic Beast --> Player (5 damage)
-T6 : Turn 6 has ended in 4.5 seconds (Game time: 24.0s)
+T7 : New turn begins.
|T7 : Hit chance roll: 64
|T7 : Player hits Basic Beast with Alpha Sword (9 damage)
-T7 : Turn 7 has ended in 19.4 seconds (Game time: 43.5s)
+T8 : New turn begins.
|T8 : Basic Beast --> Player (4 damage)
-T8 : Turn 8 has ended in 4.5 seconds (Game time: 48.0s)
+T9 : New turn begins.
|T9 : Hit chance roll: 13
|T9 : Player missed.
-T9 : Turn 9 has ended in 2.1 seconds (Game time: 50.2s)

