|T0 : A new game has started.
|T0 : Player's T Heal unlocked.
|T0 : Player's T Fireball unlocked.
|T0 : Player's T Stun unlocked.
|T0 : Player's T Firestorm unlocked.
|T0 : Player's Alpha Sword unlocked.
|T0 : Player's T Greathammer unlocked.
|T0 : Player's Shadow Dagger unlocked.
|T0 : Basic Beast spawned.
|T1 : New turn begins.
|T1 : Targeted Basic Beast
-T1 : Turn 1 has ended in 79.4 seconds (Game time: 79.4s)
+T2 : New turn begins.
|T2 : Basic Beast --> Player (2 damage)
-T2 : Turn 2 has ended in 4.5 seconds (Game time: 83.9s)
+T3 : New turn begins.
-T3 : Turn 3 has ended in 27.6 seconds (Game time: 111.6s)
+T4 : New turn begins.
|T4 : Basic Beast --> Player (3 damage)
-T4 : Turn 4 has ended in 4.5 seconds (Game time: 116.1s)
+T5 : New turn begins.
-T5 : Turn 5 has ended in 0.1 seconds (Game time: 116.3s)
+T6 : New turn begins.
|T6 : Basic Beast --> Player (4 damage)
-T6 : Turn 6 has ended in 4.5 seconds (Game time: 120.8s)
+T7 : New turn begins.
-T7 : Turn 7 has ended in 2.2 seconds (Game time: 123.1s)
+T8 : New turn begins.
|T8 : Basic Beast --> Player (3 damage)
-T8 : Turn 8 has ended in 4.5 seconds (Game time: 127.6s)
+T9 : New turn begins.
-T9 : Turn 9 has ended in 0.5 seconds (Game time: 128.2s)
+T10 : New turn begins.
|T10 : Basic Beast --> Player (4 damage)
-T10 : Turn 10 has ended in 4.5 seconds (Game time: 132.7s)
+T11 : New turn begins.
-T11 : Turn 11 has ended in 117.5 seconds (Game time: 250.3s)
+T12 : New turn begins.
|T12 : Basic Beast --> Player (5 damage)
-T12 : Turn 12 has ended in 4.5 seconds (Game time: 254.8s)
+T13 : New turn begins.
-T13 : Turn 13 has ended in 7.5 seconds (Game time: 262.4s)

