|T0 : A new game has started.
|T0 : Player's T Heal unlocked.
|T0 : Player's T Fireball unlocked.
|T0 : Player's T Stun unlocked.
|T0 : Player's T Firestorm unlocked.
|T0 : Player's Alpha Sword unlocked.
|T0 : Player's T Greathammer unlocked.
|T0 : Player's Shadow Dagger unlocked.
|T0 : Basic Beast spawned.
|T1 : New turn begins.
|T1 : Targeted Basic Beast
|T1 : Weak Wolf's (M) Basic Attack unlocked.
|T1 : Weak Wolf spawned.
|T1 : Weak Wolf's (M) Basic Attack unlocked.
|T1 : Weak Wolf spawned.
|T1 : Basic Beast spawned.
|T1 : Basic Beast spawned.
-T1 : Turn 1 has ended in 78.6 seconds (Game time: 78.6s)
+T2 : New turn begins.
|T2 : Basic Beast --> Player (5 damage)
|T2 : Hit chance roll: 53
|T2 : Weak Wolf hits Player with (M) Basic Attack (4 damage)
|T2 : Hit chance roll: 47
|T2 : Weak Wolf hits Player with (M) Basic Attack (4 damage)
|T2 : Basic Beast --> Player (3 damage)
|T2 : Basic Beast --> Player (5 damage)
-T2 : Turn 2 has ended in 16.6 seconds (Game time: 95.3s)
+T3 : New turn begins.
-T3 : Turn 3 has ended in 39.8 seconds (Game time: 135.1s)

