|T0 : A new game has started.
|T0 : Player's T Heal unlocked.
|T0 : Player's T Fireball unlocked.
|T0 : Player's T Stun unlocked.
|T0 : Player's T Firestorm unlocked.
|T0 : Player's Alpha Sword unlocked.
|T0 : Player's T Greathammer unlocked.
|T0 : Player's Shadow Dagger unlocked.
|T0 : Basic Beast spawned.
|T1 : New turn begins.
|T1 : Targeted Basic Beast
|T1 : Wicked Wizard's T Fireball unlocked.
|T1 : Wicked Wizard's T ManaDrain unlocked.
|T1 : Wicked Wizard's T Shield unlocked.
|T1 : Wicked Wizard spawned.
|T1 : Targeted Wicked Wizard
|T1 : Targeted Basic Beast
|T1 : Hit chance roll: 70
|T1 : Player hits Basic Beast with Alpha Sword (6 damage)
-T1 : Turn 1 has ended in 3.8 seconds (Game time: 3.8s)

