|T0 : A new game has started.
|T0 : Player's T Heal unlocked.
|T0 : Player's T Fireball unlocked.
|T0 : Player's T Stun unlocked.
|T0 : Player's T Firestorm unlocked.
|T0 : Player's Alpha Sword unlocked.
|T0 : Player's T Greathammer unlocked.
|T0 : Player's Shadow Dagger unlocked.
|T0 : Basic Beast spawned.
|T1 : New turn begins.
|T1 : Targeted Basic Beast
|T1 : Hit chance roll: 25
|T1 : Player hits Basic Beast with Alpha Sword (5 damage)
-T1 : Turn 1 has ended in 5.2 seconds (Game time: 5.2s)
+T2 : New turn begins.
|T2 : Basic Beast --> Player (2 damage)
-T2 : Turn 2 has ended in 4.5 seconds (Game time: 9.7s)
+T3 : New turn begins.
|T3 : Hit chance roll: 33
|T3 : Player hits Basic Beast with Alpha Sword (9 damage)
-T3 : Turn 3 has ended in 2.4 seconds (Game time: 12.1s)
+T4 : New turn begins.
|T4 : Basic Beast --> Player (4 damage)
-T4 : Turn 4 has ended in 4.5 seconds (Game time: 16.7s)
+T5 : New turn begins.
|T5 : Hit chance roll: 24
|T5 : Player hits Basic Beast with Alpha Sword (8 damage)
-T5 : Turn 5 has ended in 4.2 seconds (Game time: 20.9s)
+T6 : New turn begins.
|T6 : Basic Beast --> Player (5 damage)
-T6 : Turn 6 has ended in 4.5 seconds (Game time: 25.5s)
+T7 : New turn begins.
-T7 : Turn 7 has ended in 26.5 seconds (Game time: 52.0s)

