|T0 : A new game has started.
|T0 : Player's T Heal unlocked.
|T0 : Player's T Fireball unlocked.
|T0 : Player's T Stun unlocked.
|T0 : Player's T Firestorm unlocked.
|T0 : Player's Alpha Sword unlocked.
|T0 : Player's T Greathammer unlocked.
|T0 : Player's Shadow Dagger unlocked.
|T0 : Basic Beast spawned.
|T1 : New turn begins.
|T1 : Targeted Basic Beast
|T1 : Hit chance roll: 27
|T1 : Player hits Basic Beast with Alpha Sword (9 damage)
-T1 : Turn 1 has ended in 30.1 seconds (Game time: 30.1s)
+T2 : New turn begins.
|T2 : Basic Beast --> Player (2 damage)
-T2 : Turn 2 has ended in 4.5 seconds (Game time: 34.7s)
+T3 : New turn begins.
|T3 : Hit chance roll: 55
|T3 : Player hits Basic Beast with Alpha Sword (4 damage)
-T3 : Turn 3 has ended in 5.8 seconds (Game time: 40.5s)
+T4 : New turn begins.
|T4 : Basic Beast --> Player (4 damage)
-T4 : Turn 4 has ended in 4.5 seconds (Game time: 45.1s)
+T5 : New turn begins.
|T5 : Hit chance roll: 25
|T5 : Player hits Basic Beast with Alpha Sword (7 damage)
-T5 : Turn 5 has ended in 7.9 seconds (Game time: 53.1s)
+T6 : New turn begins.
|T6 : Basic Beast --> Player (3 damage)
-T6 : Turn 6 has ended in 4.5 seconds (Game time: 57.6s)
+T7 : New turn begins.
|T7 : Hit chance roll: 23
|T7 : Player hits Basic Beast with Alpha Sword (6 damage)
-T7 : Turn 7 has ended in 6.9 seconds (Game time: 64.6s)
+T8 : New turn begins.
|T8 : Basic Beast --> Player (5 damage)
-T8 : Turn 8 has ended in 4.5 seconds (Game time: 69.1s)
+T9 : New turn begins.
|T9 : Hit chance roll: 72
|T9 : Congratulations, you have reached level 2!
|T9 : Basic Beast died. Player receives 10 XP and 5 gold for the kill.
|T9 : Player hits Basic Beast with Alpha Sword (4 damage)
|T9 : Monster removed
|T0 : Weak Wolf's (M) Basic Attack unlocked.
|T0 : Weak Wolf spawned.
|T1 : New turn begins.
|T1 : Targeted Weak Wolf
|T1 : Ability (T Fireball) used: 
|T1 : Player hits Weak Wolf with T Fireball (10 damage)
-T1 : Turn 1 has ended in 4.7 seconds (Game time: 94.4s)
+T2 : New turn begins.
|T2 : Player --> Weak Wolf (2 damage)
|T2 : [Tick 1] Player dealt a DoT of 2
|T2 : Hit chance roll: 16
|T2 : Weak Wolf missed.
-T2 : Turn 2 has ended in 4.5 seconds (Game time: 98.9s)
+T3 : New turn begins.
|T3 : Player --> Weak Wolf (2 damage)
|T3 : [Tick 1] Player dealt a DoT of 2
|T3 : Hit chance roll: 100
|T3 : Player hits Weak Wolf with Alpha Sword (7 damage)
-T3 : Turn 3 has ended in 1.2 seconds (Game time: 100.2s)
+T4 : New turn begins.
|T4 : Hit chance roll: 100
|T4 : Weak Wolf hits Player with (M) Basic Attack (3 damage)
-T4 : Turn 4 has ended in 4.5 seconds (Game time: 104.8s)
+T5 : New turn begins.
|T5 : Hit chance roll: 49
|T5 : Player hits Weak Wolf with Alpha Sword (5 damage)
-T5 : Turn 5 has ended in 2.1 seconds (Game time: 106.9s)
+T6 : New turn begins.
|T6 : Hit chance roll: 97
|T6 : Weak Wolf hits Player with (M) Basic Attack (3 damage)
-T6 : Turn 6 has ended in 4.5 seconds (Game time: 111.5s)
+T7 : New turn begins.
|T7 : Hit chance roll: 32
|T7 : Weak Wolf died. Player receives 12 XP and 10 gold for the kill.
|T7 : Player hits Weak Wolf with Alpha Sword (7 damage)
|T7 : Monster removed
|T0 : Wicked Wizard's T Fireball unlocked.
|T0 : Wicked Wizard's T ManaDrain unlocked.
|T0 : Wicked Wizard's T Shield unlocked.
|T0 : Wicked Wizard spawned.
|T1 : New turn begins.
|T1 : Targeted Wicked Wizard
|T1 : Ability (T Fireball) used: 
|T1 : Player hits Wicked Wizard with T Fireball (10 damage)
-T1 : Turn 1 has ended in 6.2 seconds (Game time: 119.9s)
+T2 : New turn begins.
|T2 : Player --> Wicked Wizard (2 damage)
|T2 : [Tick 1] Player dealt a DoT of 2
|T2 : Ability (T Fireball) used: 
|T2 : Wicked Wizard hits Player with T Fireball (10 damage)
-T2 : Turn 2 has ended in 4.5 seconds (Game time: 124.4s)
+T3 : New turn begins.
|T3 : Player --> Wicked Wizard (2 damage)
|T3 : [Tick 1] Player dealt a DoT of 2
|T3 : Wicked Wizard --> Player (2 damage)
|T3 : [Tick 1] Wicked Wizard dealt a DoT of 2
|T3 : Hit chance roll: 0
|T3 : Player missed.
-T3 : Turn 3 has ended in 1.8 seconds (Game time: 126.3s)
+T4 : New turn begins.
|T4 : Wicked Wizard --> Player (2 damage)
|T4 : [Tick 1] Wicked Wizard dealt a DoT of 2
|T4 : Wicked Wizard --> Player (1 damage)
-T4 : Turn 4 has ended in 4.5 seconds (Game time: 130.9s)
+T5 : New turn begins.
|T5 : Hit chance roll: 69
|T5 : Player hits Wicked Wizard with Alpha Sword (6 damage)
-T5 : Turn 5 has ended in 1.4 seconds (Game time: 132.4s)
+T6 : New turn begins.
|T6 : Ability (T Fireball) used: 
|T6 : Wicked Wizard hits Player with T Fireball (10 damage)
-T6 : Turn 6 has ended in 4.5 seconds (Game time: 136.9s)
+T7 : New turn begins.
|T7 : Wicked Wizard --> Player (2 damage)
|T7 : [Tick 1] Wicked Wizard dealt a DoT of 2
|T7 : Hit chance roll: 17
|T7 : Player missed.
-T7 : Turn 7 has ended in 2.4 seconds (Game time: 139.4s)
+T8 : New turn begins.
|T8 : Wicked Wizard --> Player (2 damage)
|T8 : [Tick 1] Wicked Wizard dealt a DoT of 2
|T8 : Wicked Wizard --> Player (2 damage)
-T8 : Turn 8 has ended in 4.5 seconds (Game time: 144.0s)
+T9 : New turn begins.
|T9 : Hit chance roll: 65
|T9 : Player hits Wicked Wizard with Alpha Sword (6 damage)
-T9 : Turn 9 has ended in 2.3 seconds (Game time: 146.3s)
+T10 : New turn begins.
|T10 : Wicked Wizard --> Player (2 damage)
-T10 : Turn 10 has ended in 4.5 seconds (Game time: 150.8s)
+T11 : New turn begins.
|T11 : Hit chance roll: 88
|T11 : Player hits Wicked Wizard with Alpha Sword (5 damage)
-T11 : Turn 11 has ended in 8.3 seconds (Game time: 159.2s)
+T12 : New turn begins.
|T12 : Wicked Wizard --> Player (2 damage)
-T12 : Turn 12 has ended in 4.5 seconds (Game time: 163.8s)
+T13 : New turn begins.
|T13 : Hit chance roll: 63
|T13 : Wicked Wizard died. Player receives 12 XP and 10 gold for the kill.
|T13 : Player hits Wicked Wizard with Alpha Sword (5 damage)
|T13 : Monster removed
|T0 : Weak Wolf's (M) Basic Attack unlocked.
|T0 : Weak Wolf spawned.
|T1 : New turn begins.
|T1 : Targeted Weak Wolf
|T1 : Ability (T Fireball) used: 
|T1 : Player hits Weak Wolf with T Fireball (10 damage)
-T1 : Turn 1 has ended in 3.9 seconds (Game time: 169.0s)
+T2 : New turn begins.
|T2 : Player --> Weak Wolf (2 damage)
|T2 : [Tick 1] Player dealt a DoT of 2
|T2 : Hit chance roll: 3
|T2 : Weak Wolf missed.
-T2 : Turn 2 has ended in 4.5 seconds (Game time: 173.5s)
+T3 : New turn begins.
|T3 : Player --> Weak Wolf (2 damage)
|T3 : [Tick 1] Player dealt a DoT of 2
|T3 : Hit chance roll: 88
|T3 : Player hits Weak Wolf with Alpha Sword (4 damage)
-T3 : Turn 3 has ended in 1.3 seconds (Game time: 174.9s)
+T4 : New turn begins.
|T4 : Hit chance roll: 54
|T4 : Weak Wolf hits Player with (M) Basic Attack (5 damage)
-T4 : Turn 4 has ended in 4.5 seconds (Game time: 179.5s)
+T5 : New turn begins.
|T5 : Hit chance roll: 92
|T5 : Player hits Weak Wolf with Alpha Sword (4 damage)
-T5 : Turn 5 has ended in 3.1 seconds (Game time: 182.6s)
+T6 : New turn begins.
|T6 : Hit chance roll: 21
|T6 : Weak Wolf missed.
-T6 : Turn 6 has ended in 4.5 seconds (Game time: 187.2s)
+T7 : New turn begins.
|T7 : Hit chance roll: 26
|T7 : Player hits Weak Wolf with Alpha Sword (6 damage)
-T7 : Turn 7 has ended in 15.5 seconds (Game time: 202.7s)
+T8 : New turn begins.
|T8 : Hit chance roll: 74
|T8 : Weak Wolf hits Player with (M) Basic Attack (5 damage)
-T8 : Turn 8 has ended in 4.5 seconds (Game time: 207.2s)
+T9 : New turn begins.
|T9 : Hit chance roll: 96
|T9 : Congratulations, you have reached level 3!
|T9 : Weak Wolf died. Player receives 12 XP and 10 gold for the kill.
|T9 : Player hits Weak Wolf with Alpha Sword (7 damage)
|T9 : Monster removed
|T0 : Weak Wolf's (M) Basic Attack unlocked.
|T0 : Weak Wolf spawned.
|T0 : Weak Wolf's (M) Basic Attack unlocked.
|T0 : Weak Wolf spawned.
|T1 : New turn begins.
|T1 : Targeted Weak Wolf
|T1 : Targeted Weak Wolf
|T1 : Targeted Weak Wolf
|T1 : Ability (T Firestorm) used: 
|T1 : Player hits Weak Wolf with T Firestorm (15 damage)
|T1 : Player hits Weak Wolf with T Firestorm (15 damage)
-T1 : Turn 1 has ended in 10.5 seconds (Game time: 219.7s)
+T2 : New turn begins.
|T2 : Player --> Weak Wolf (1 damage)
|T2 : [Tick 1] Player dealt a DoT of 1
|T2 : Hit chance roll: 60
|T2 : Weak Wolf hits Player with (M) Basic Attack (3 damage)
|T2 : Hit chance roll: 34
|T2 : Weak Wolf missed.
-T2 : Turn 2 has ended in 7.5 seconds (Game time: 227.3s)
+T3 : New turn begins.
|T3 : Player --> Weak Wolf (1 damage)
|T3 : [Tick 1] Player dealt a DoT of 1
|T3 : Hit chance roll: 86
|T3 : Player hits Weak Wolf with Alpha Sword (5 damage)
-T3 : Turn 3 has ended in 2.7 seconds (Game time: 230.1s)
+T4 : New turn begins.
|T4 : Player --> Weak Wolf (1 damage)
|T4 : [Tick 1] Player dealt a DoT of 1
|T4 : Hit chance roll: 74
|T4 : Weak Wolf hits Player with (M) Basic Attack (5 damage)
|T4 : Hit chance roll: 36
|T4 : Weak Wolf missed.
-T4 : Turn 4 has ended in 7.5 seconds (Game time: 237.7s)
+T5 : New turn begins.
|T5 : Hit chance roll: 31
|T5 : Player hits Weak Wolf with Alpha Sword (4 damage)
-T5 : Turn 5 has ended in 0.6 seconds (Game time: 238.4s)
+T6 : New turn begins.
|T6 : Hit chance roll: 31
|T6 : Weak Wolf missed.
|T6 : Hit chance roll: 29
|T6 : Weak Wolf missed.
-T6 : Turn 6 has ended in 7.5 seconds (Game time: 246.0s)
+T7 : New turn begins.
|T7 : Hit chance roll: 33
|T7 : Player hits Weak Wolf with Alpha Sword (7 damage)
-T7 : Turn 7 has ended in 1.9 seconds (Game time: 247.9s)
+T8 : New turn begins.
|T8 : Hit chance roll: 86
|T8 : Weak Wolf hits Player with (M) Basic Attack (3 damage)
|T8 : Hit chance roll: 5
|T8 : Weak Wolf missed.
-T8 : Turn 8 has ended in 7.5 seconds (Game time: 255.5s)
+T9 : New turn begins.
|T9 : Hit chance roll: 91
|T9 : Targeted Weak Wolf
|T9 : Weak Wolf died. Player receives 16 XP and 15 gold for the kill.
|T9 : Player hits Weak Wolf with Alpha Sword (5 damage)
-T9 : Turn 9 has ended in 1.9 seconds (Game time: 257.5s)
+T10 : New turn begins.
|T10 : Hit chance roll: 35
|T10 : Weak Wolf missed.
-T10 : Turn 10 has ended in 4.5 seconds (Game time: 262.0s)
+T11 : New turn begins.
|T11 : Hit chance roll: 45
|T11 : Player hits Weak Wolf with Alpha Sword (7 damage)
-T11 : Turn 11 has ended in 0.6 seconds (Game time: 262.7s)
+T12 : New turn begins.
-T12 : Turn 12 has ended in 1.5 seconds (Game time: 264.2s)
+T13 : New turn begins.
|T13 : Hit chance roll: 13
|T13 : Player missed.
-T13 : Turn 13 has ended in 5.7 seconds (Game time: 270.0s)
+T14 : New turn begins.
-T14 : Turn 14 has ended in 1.5 seconds (Game time: 271.5s)
+T15 : New turn begins.
|T15 : Ability (T Fireball) used: 
|T15 : Player hits Weak Wolf with T Fireball (10 damage)
-T15 : Turn 15 has ended in 1.2 seconds (Game time: 272.7s)
+T16 : New turn begins.
|T16 : Player --> Weak Wolf (2 damage)
|T16 : [Tick 1] Player dealt a DoT of 2
-T16 : Turn 16 has ended in 1.5 seconds (Game time: 274.2s)
+T17 : New turn begins.
|T17 : Weak Wolf died. Player receives 16 XP and 15 gold for the kill.
|T17 : Player --> Weak Wolf (2 damage)
|T17 : [Tick 1] Player dealt a DoT of 2
|T17 : Monster removed
|T17 : Monster removed
|T0 : Weak Wolf's (M) Basic Attack unlocked.
|T0 : Weak Wolf spawned.
|T0 : Basic Beast spawned.
|T1 : New turn begins.
|T1 : Targeted Weak Wolf
|T1 : Targeted Basic Beast
|T1 : Targeted Weak Wolf
|T1 : Ability (T Fireball) used: 
|T1 : Player hits Weak Wolf with T Fireball (10 damage)
-T1 : Turn 1 has ended in 5.0 seconds (Game time: 279.3s)
+T2 : New turn begins.
|T2 : Player --> Weak Wolf (2 damage)
|T2 : [Tick 1] Player dealt a DoT of 2
|T2 : Hit chance roll: 63
|T2 : Weak Wolf hits Player with (M) Basic Attack (4 damage)
|T2 : Basic Beast --> Player (6 damage)
-T2 : Turn 2 has ended in 7.5 seconds (Game time: 286.9s)
+T3 : New turn begins.
|T3 : Player --> Weak Wolf (2 damage)
|T3 : [Tick 1] Player dealt a DoT of 2
-T3 : Turn 3 has ended in 0.0 seconds (Game time: 286.9s)
+T4 : New turn begins.
|T4 : Hit chance roll: 57
|T4 : Weak Wolf hits Player with (M) Basic Attack (5 damage)
|T4 : Basic Beast --> Player (3 damage)
-T4 : Turn 4 has ended in 4.5 seconds (Game time: 291.5s)
+T5 : New turn begins.
|T5 : Hit chance roll: 64
|T5 : Player hits Weak Wolf with Alpha Sword (9 damage)
-T5 : Turn 5 has ended in 1.1 seconds (Game time: 292.6s)
+T6 : New turn begins.
|T6 : Hit chance roll: 70
|T6 : Weak Wolf hits Player with (M) Basic Attack (3 damage)
|T6 : Basic Beast --> Player (3 damage)
-T6 : Turn 6 has ended in 7.5 seconds (Game time: 300.2s)
+T7 : New turn begins.
|T7 : Hit chance roll: 13
|T7 : Player missed.
-T7 : Turn 7 has ended in 1.1 seconds (Game time: 301.3s)
+T8 : New turn begins.
|T8 : Hit chance roll: 58
|T8 : Weak Wolf hits Player with (M) Basic Attack (5 damage)
|T8 : Basic Beast --> Player (5 damage)
-T8 : Turn 8 has ended in 7.5 seconds (Game time: 308.9s)
+T9 : New turn begins.
|T9 : Hit chance roll: 66
|T9 : Player hits Weak Wolf with Alpha Sword (7 damage)
-T9 : Turn 9 has ended in 3.2 seconds (Game time: 312.2s)
+T10 : New turn begins.
|T10 : Hit chance roll: 60
|T10 : Weak Wolf hits Player with (M) Basic Attack (4 damage)
|T10 : Basic Beast --> Player (5 damage)
-T10 : Turn 10 has ended in 7.5 seconds (Game time: 319.8s)
+T11 : New turn begins.
|T11 : Hit chance roll: 39
|T11 : Targeted Basic Beast
|T11 : Weak Wolf died. Player receives 16 XP and 15 gold for the kill.
|T11 : Player hits Weak Wolf with Alpha Sword (8 damage)
-T11 : Turn 11 has ended in 1.9 seconds (Game time: 321.7s)
+T12 : New turn begins.
|T12 : Basic Beast --> Player (3 damage)
-T12 : Turn 12 has ended in 4.5 seconds (Game time: 326.3s)
+T13 : New turn begins.
|T13 : Hit chance roll: 65
|T13 : Player hits Basic Beast with Alpha Sword (8 damage)
-T13 : Turn 13 has ended in 2.0 seconds (Game time: 328.3s)
+T14 : New turn begins.
-T14 : Turn 14 has ended in 1.5 seconds (Game time: 329.9s)
+T15 : New turn begins.
|T15 : Hit chance roll: 85
|T15 : Player hits Basic Beast with Alpha Sword (7 damage)
-T15 : Turn 15 has ended in 1.7 seconds (Game time: 331.6s)
+T16 : New turn begins.
-T16 : Turn 16 has ended in 1.5 seconds (Game time: 333.2s)
+T17 : New turn begins.
|T17 : Hit chance roll: 21
|T17 : Player hits Basic Beast with Alpha Sword (8 damage)
-T17 : Turn 17 has ended in 1.2 seconds (Game time: 334.4s)
+T18 : New turn begins.
-T18 : Turn 18 has ended in 1.5 seconds (Game time: 335.9s)
+T19 : New turn begins.
|T19 : Hit chance roll: 45
|T19 : Player hits Basic Beast with Alpha Sword (4 damage)
-T19 : Turn 19 has ended in 1.5 seconds (Game time: 337.5s)
+T20 : New turn begins.
-T20 : Turn 20 has ended in 1.5 seconds (Game time: 339.1s)
+T21 : New turn begins.
|T21 : Hit chance roll: 91
|T21 : Player hits Basic Beast with Alpha Sword (6 damage)
-T21 : Turn 21 has ended in 0.8 seconds (Game time: 339.9s)

