|T0 : A new game has started.
|T0 : Player's T Heal unlocked.
|T0 : Player's T Fireball unlocked.
|T0 : Player's T Stun unlocked.
|T0 : Player's T Firestorm unlocked.
|T0 : Player's Alpha Sword unlocked.
|T0 : Player's T Greathammer unlocked.
|T0 : Player's Shadow Dagger unlocked.
|T0 : Basic Beast spawned.
|T1 : New turn begins.
|T1 : Targeted Basic Beast
|T1 : Wicked Wizard's T Fireball unlocked.
|T1 : Wicked Wizard's T ManaDrain unlocked.
|T1 : Wicked Wizard's T Shield unlocked.
|T1 : Wicked Wizard spawned.
|T1 : Weak Wolf's (M) Basic Attack unlocked.
|T1 : Weak Wolf spawned.
|T1 : Weak Wolf's (M) Basic Attack unlocked.
|T1 : Weak Wolf spawned.
|T1 : Hit chance roll: 67
|T1 : Player hits Basic Beast with Alpha Sword (5 damage)
-T1 : Turn 1 has ended in 6.2 seconds (Game time: 6.2s)
+T2 : New turn begins.
|T2 : Basic Beast --> Player (2 damage)
|T2 : Ability (T Fireball) used: 
|T2 : Wicked Wizard hits Player with T Fireball (10 damage)
|T2 : Hit chance roll: 64
|T2 : Weak Wolf hits Player with (M) Basic Attack (5 damage)
|T2 : Hit chance roll: 29
|T2 : Weak Wolf missed.
-T2 : Turn 2 has ended in 13.5 seconds (Game time: 19.8s)
+T3 : New turn begins.
|T3 : Wicked Wizard --> Player (2 damage)
|T3 : [Tick 1] Wicked Wizard dealt a DoT of 2
|T3 : Targeted Wicked Wizard
|T3 : Targeted Weak Wolf
|T3 : Hit chance roll: 80
|T3 : Player hits Weak Wolf with Alpha Sword (6 damage)
-T3 : Turn 3 has ended in 208.1 seconds (Game time: 227.9s)
+T4 : New turn begins.
|T4 : Wicked Wizard --> Player (2 damage)
|T4 : [Tick 1] Wicked Wizard dealt a DoT of 2
|T4 : Basic Beast --> Player (5 damage)
|T4 : Wicked Wizard --> Player (1 damage)
|T4 : Hit chance roll: 73
|T4 : Weak Wolf hits Player with (M) Basic Attack (3 damage)
|T4 : Hit chance roll: 91
|T4 : Weak Wolf hits Player with (M) Basic Attack (3 damage)
-T4 : Turn 4 has ended in 13.5 seconds (Game time: 241.6s)
+T5 : New turn begins.
|T5 : Hit chance roll: 62
|T5 : Player hits Weak Wolf with Alpha Sword (7 damage)
|T5 : Targeted Wicked Wizard
|T5 : Targeted Basic Beast
|T5 : Targeted Weak Wolf
|T5 : Targeted Wicked Wizard
-T5 : Turn 5 has ended in 56.4 seconds (Game time: 298.0s)
+T6 : New turn begins.
|T6 : Basic Beast --> Player (5 damage)
|T6 : Ability (T Fireball) used: 
|T6 : Wicked Wizard hits Player with T Fireball (10 damage)
|T6 : Hit chance roll: 12
|T6 : Weak Wolf missed.
|T6 : Hit chance roll: 24
|T6 : Weak Wolf missed.
-T6 : Turn 6 has ended in 13.5 seconds (Game time: 311.6s)
+T7 : New turn begins.
|T7 : Wicked Wizard --> Player (2 damage)
|T7 : [Tick 1] Wicked Wizard dealt a DoT of 2
|T7 : Ability (T Fireball) used: 
|T7 : Player hits Wicked Wizard with T Fireball (10 damage)
-T7 : Turn 7 has ended in 10.2 seconds (Game time: 321.8s)
+T8 : New turn begins.
|T8 : Player --> Wicked Wizard (2 damage)
|T8 : [Tick 1] Player dealt a DoT of 2
|T8 : Wicked Wizard --> Player (2 damage)
|T8 : [Tick 1] Wicked Wizard dealt a DoT of 2
|T8 : Basic Beast --> Player (3 damage)
|T8 : Wicked Wizard --> Player (3 damage)
|T8 : Hit chance roll: 81
|T8 : Weak Wolf hits Player with (M) Basic Attack (4 damage)
|T8 : Hit chance roll: 12
|T8 : Weak Wolf missed.
-T8 : Turn 8 has ended in 13.5 seconds (Game time: 335.4s)
+T9 : New turn begins.
|T9 : Player --> Wicked Wizard (2 damage)
|T9 : [Tick 1] Player dealt a DoT of 2
|T9 : Hit chance roll: 45
|T9 : Player hits Wicked Wizard with Alpha Sword (5 damage)
-T9 : Turn 9 has ended in 32.1 seconds (Game time: 367.6s)

