|T0 : A new game has started.
|T0 : Player's T Heal unlocked.
|T0 : Player's T Fireball unlocked.
|T0 : Player's T Stun unlocked.
|T0 : Player's T Firestorm unlocked.
|T0 : Player's Alpha Sword unlocked.
|T0 : Player's T Greathammer unlocked.
|T0 : Player's Shadow Dagger unlocked.
|T0 : Basic Beast spawned.
|T1 : New turn begins.
|T1 : Targeted Basic Beast
|T1 : Hit chance roll: 4
|T1 : Player missed.
-T1 : Turn 1 has ended in 633.6 seconds (Game time: 633.6s)
+T2 : New turn begins.
|T2 : Basic Beast --> Player (4 damage)
-T2 : Turn 2 has ended in 4.5 seconds (Game time: 638.2s)
+T3 : New turn begins.
|T3 : Hit chance roll: 34
|T3 : Player hits Basic Beast with Alpha Sword (7 damage)
-T3 : Turn 3 has ended in 16.9 seconds (Game time: 655.2s)
+T4 : New turn begins.
|T4 : Basic Beast --> Player (5 damage)
-T4 : Turn 4 has ended in 4.5 seconds (Game time: 659.7s)
+T5 : New turn begins.
|T5 : Hit chance roll: 90
|T5 : Player hits Basic Beast with Alpha Sword (9 damage)
-T5 : Turn 5 has ended in 6.7 seconds (Game time: 666.5s)
+T6 : New turn begins.
|T6 : Basic Beast --> Player (3 damage)
-T6 : Turn 6 has ended in 4.5 seconds (Game time: 671.0s)
+T7 : New turn begins.
|T7 : Player's T Firestorm locked.
|T7 : Player's T ManaDrain unlocked.
|T7 : Player's T ManaDrain locked.
|T7 : Player's T KILL unlocked.
|T7 : Player's T KILL locked.
|T7 : Player's T ManaDrain unlocked.
|T7 : Player's T ManaDrain locked.
|T7 : Player's T Heal unlocked.
|T7 : Player's T Heal locked.
|T7 : Player's T H34L unlocked.
|T7 : Player's T H34L locked.
|T7 : Player's T Shield unlocked.
|T7 : Ability (T Shield) used: 
Player shields Player for 10.
-T7 : Turn 7 has ended in 15.6 seconds (Game time: 686.6s)
+T8 : New turn begins.
|T8 : Basic Beast --> Player (4 damage)
-T8 : Turn 8 has ended in 4.5 seconds (Game time: 691.2s)
+T9 : New turn begins.
|T9 : Hit chance roll: 62
|T9 : Player hits Basic Beast with Alpha Sword (9 damage)
-T9 : Turn 9 has ended in 138.0 seconds (Game time: 829.3s)
+T10 : New turn begins.
|T10 : Basic Beast --> Player (5 damage)
-T10 : Turn 10 has ended in 4.5 seconds (Game time: 833.8s)
+T11 : New turn begins.
|T11 : Hit chance roll: 5
|T11 : Player missed.
-T11 : Turn 11 has ended in 1.2 seconds (Game time: 835.1s)
+T12 : New turn begins.
|T12 : Basic Beast --> Player (4 damage)
-T12 : Turn 12 has ended in 4.5 seconds (Game time: 839.6s)
+T13 : New turn begins.
|T13 : Hit chance roll: 79
|T13 : Congratulations, you have reached level 2!
|T13 : Basic Beast died. Player receives 10 XP for the kill.
|T13 : Player hits Basic Beast with Alpha Sword (6 damage)
|T13 : Monster removed
|T0 : Basic Beast spawned.
|T1 : New turn begins.
|T1 : Targeted Basic Beast
|T1 : Hit chance roll: 80
|T1 : Player hits Basic Beast with Alpha Sword (5 damage)
-T1 : Turn 1 has ended in 7.7 seconds (Game time: 847.5s)
+T2 : New turn begins.
|T2 : Basic Beast --> Player (5 damage)
-T2 : Turn 2 has ended in 4.5 seconds (Game time: 852.0s)
+T3 : New turn begins.
|T3 : Hit chance roll: 21
|T3 : Player hits Basic Beast with Alpha Sword (9 damage)
-T3 : Turn 3 has ended in 0.9 seconds (Game time: 852.9s)
+T4 : New turn begins.
|T4 : Basic Beast --> Player (4 damage)
-T4 : Turn 4 has ended in 4.5 seconds (Game time: 857.5s)
+T5 : New turn begins.
-T5 : Turn 5 has ended in 0.0 seconds (Game time: 857.5s)

