|T0 : A new game has started.
|T0 : Player's T Heal unlocked.
|T0 : Player's T Fireball unlocked.
|T0 : Player's T Stun unlocked.
|T0 : Player's T Firestorm unlocked.
|T0 : Player's Alpha Sword unlocked.
|T0 : Player's T Greathammer unlocked.
|T0 : Player's Shadow Dagger unlocked.
|T0 : Basic Beast spawned.
|T1 : New turn begins.
|T1 : Targeted Basic Beast
|T1 : Hit chance roll: 0
|T1 : Player missed.
-T1 : Turn 1 has ended in 4.2 seconds (Game time: 4.2s)
+T2 : New turn begins.
|T2 : Basic Beast --> Player (3 damage)
-T2 : Turn 2 has ended in 4.5 seconds (Game time: 8.8s)
+T3 : New turn begins.
|T3 : Hit chance roll: 21
|T3 : Player hits Basic Beast with Alpha Sword (4 damage)
-T3 : Turn 3 has ended in 15.4 seconds (Game time: 24.2s)
+T4 : New turn begins.
|T4 : Basic Beast --> Player (4 damage)
-T4 : Turn 4 has ended in 4.5 seconds (Game time: 28.8s)
+T5 : New turn begins.
|T5 : Hit chance roll: 23
|T5 : Player hits Basic Beast with Alpha Sword (8 damage)
-T5 : Turn 5 has ended in 5.0 seconds (Game time: 33.9s)

