|T0 : A new game has started.
|T0 : Player's T Heal unlocked.
|T0 : Player's T Fireball unlocked.
|T0 : Player's T Stun unlocked.
|T0 : Player's T Firestorm unlocked.
|T0 : Player's Alpha Sword unlocked.
|T0 : Player's T Greathammer unlocked.
|T0 : Player's Shadow Dagger unlocked.
|T0 : Basic Beast spawned.
|T1 : New turn begins.
|T1 : Targeted Basic Beast
|T1 : Weak Wolf's (M) Basic Attack unlocked.
|T1 : Weak Wolf spawned.
|T1 : Basic Beast spawned.
|T1 : Weak Wolf's (M) Basic Attack unlocked.
|T1 : Weak Wolf spawned.
|T1 : Targeted Basic Beast
|T1 : Targeted Weak Wolf
|T1 : Targeted Basic Beast
|T1 : Targeted Weak Wolf
|T1 : Targeted Weak Wolf
|T1 : Hit chance roll: 53
|T1 : Player hits Weak Wolf with Alpha Sword (5 damage)
-T1 : Turn 1 has ended in 7.2 seconds (Game time: 7.2s)
+T2 : New turn begins.
|T2 : Basic Beast --> Player (5 damage)
|T2 : Hit chance roll: 84
|T2 : Weak Wolf hits Player with (M) Basic Attack (3 damage)
|T2 : Basic Beast --> Player (5 damage)
|T2 : Hit chance roll: 23
|T2 : Weak Wolf missed.
-T2 : Turn 2 has ended in 13.5 seconds (Game time: 20.8s)
+T3 : New turn begins.
|T3 : Hit chance roll: 33
|T3 : Player hits Weak Wolf with Alpha Sword (7 damage)
-T3 : Turn 3 has ended in 8.7 seconds (Game time: 29.6s)

