|T0 : A new game has started.
|T0 : Player's T Heal unlocked.
|T0 : Player's T Fireball unlocked.
|T0 : Player's T Stun unlocked.
|T0 : Player's T Firestorm unlocked.
|T0 : Player's Alpha Sword unlocked.
|T0 : Player's T Greathammer unlocked.
|T0 : Player's Shadow Dagger unlocked.
|T0 : Basic Beast spawned.
|T1 : New turn begins.
|T1 : Targeted Basic Beast
|T1 : Hit chance roll: 46
|T1 : Player hits Basic Beast with Alpha Sword (9 damage)
|T1 : Hit chance roll: 97
|T1 : Player hits Basic Beast with Alpha Sword (7 damage)
|T1 : Hit chance roll: 84
|T1 : Player hits Basic Beast with Alpha Sword (5 damage)
|T1 : Hit chance roll: 88
|T1 : Player hits Basic Beast with Alpha Sword (7 damage)
|T1 : Hit chance roll: 58
|T1 : Congratulations, you have reached level 2!
|T1 : Basic Beast died. Player receives 10 XP for the kill.
|T1 : Player hits Basic Beast with Alpha Sword (5 damage)
|T1 : Monster removed
|T0 : Weak Wolf's (M) Basic Attack unlocked.
|T0 : Weak Wolf spawned.
|T1 : New turn begins.
|T1 : Targeted Weak Wolf
|T1 : Hit chance roll: 67
|T1 : Player hits Weak Wolf with Alpha Sword (5 damage)
|T1 : Hit chance roll: 6
|T1 : Player missed.
|T1 : Hit chance roll: 54
|T1 : Player hits Weak Wolf with Alpha Sword (5 damage)
|T1 : Hit chance roll: 34
|T1 : Player hits Weak Wolf with Alpha Sword (6 damage)
|T1 : Hit chance roll: 66
|T1 : Player hits Weak Wolf with Alpha Sword (5 damage)
|T1 : Hit chance roll: 7
|T1 : Player missed.
|T1 : Hit chance roll: 95
|T1 : Player hits Weak Wolf with Alpha Sword (8 damage)
|T1 : Hit chance roll: 19
|T1 : Player missed.
|T1 : Hit chance roll: 62
|T1 : Weak Wolf died. Player receives 12 XP for the kill.
|T1 : Player hits Weak Wolf with Alpha Sword (7 damage)
|T1 : Monster removed
|T0 : Basic Beast spawned.
|T1 : New turn begins.
|T1 : Targeted Basic Beast
|T1 : Basic Beast spawned.
|T1 : Basic Beast spawned.
|T1 : Weak Wolf's (M) Basic Attack unlocked.
|T1 : Weak Wolf spawned.
|T1 : Basic Beast spawned.
-T1 : Turn 1 has ended in 4.2 seconds (Game time: 71.7s)

