|T0 : A new game has started.
|T0 : Player's T Heal unlocked.
|T0 : Player's T Fireball unlocked.
|T0 : Player's T Stun unlocked.
|T0 : Player's T Firestorm unlocked.
|T0 : Player's Alpha Sword unlocked.
|T0 : Player's T Greathammer unlocked.
|T0 : Player's Shadow Dagger unlocked.
|T0 : Basic Beast spawned.
|T1 : New turn begins.
|T1 : Targeted Basic Beast
|T1 : Ability (T Firestorm) used: 
|T1 : Player hits Basic Beast with T Firestorm (15 damage)
-T1 : Turn 1 has ended in 1.2 seconds (Game time: 1.2s)
+T2 : New turn begins.
|T2 : Player --> Basic Beast (1 damage)
|T2 : [Tick 1] Player dealt a DoT of 1
|T2 : Basic Beast --> Player (4 damage)
-T2 : Turn 2 has ended in 4.5 seconds (Game time: 5.7s)
+T3 : New turn begins.
|T3 : Player --> Basic Beast (1 damage)
|T3 : [Tick 1] Player dealt a DoT of 1
|T3 : Hit chance roll: 97
|T3 : Player hits Basic Beast with Alpha Sword (5 damage)
-T3 : Turn 3 has ended in 2.2 seconds (Game time: 8.0s)
+T4 : New turn begins.
|T4 : Player --> Basic Beast (1 damage)
|T4 : [Tick 1] Player dealt a DoT of 1
|T4 : Basic Beast --> Player (5 damage)
-T4 : Turn 4 has ended in 4.5 seconds (Game time: 12.6s)
+T5 : New turn begins.
|T5 : Hit chance roll: 59
|T5 : Player hits Basic Beast with Alpha Sword (5 damage)
-T5 : Turn 5 has ended in 1.5 seconds (Game time: 14.2s)

