|T0 : A new game has started.
|T0 : Player's T Heal unlocked.
|T0 : Player's T Fireball unlocked.
|T0 : Player's T Stun unlocked.
|T0 : Player's T Firestorm unlocked.
|T0 : Player's Alpha Sword unlocked.
|T0 : Player's T Greathammer unlocked.
|T0 : Player's Shadow Dagger unlocked.
|T0 : Basic Beast spawned.
|T1 : New turn begins.
|T1 : Targeted Basic Beast
|T1 : Hit chance roll: 71
|T1 : Player hits Basic Beast with Alpha Sword (6 damage)
-T1 : Turn 1 has ended in 351.4 seconds (Game time: 351.4s)
+T2 : New turn begins.
|T2 : Basic Beast --> Player (3 damage)
-T2 : Turn 2 has ended in 4.5 seconds (Game time: 355.9s)
+T3 : New turn begins.
|T3 : Hit chance roll: 78
|T3 : Player hits Basic Beast with Alpha Sword (9 damage)
-T3 : Turn 3 has ended in 3.8 seconds (Game time: 359.8s)
+T4 : New turn begins.
|T4 : Basic Beast --> Player (2 damage)
-T4 : Turn 4 has ended in 4.5 seconds (Game time: 364.4s)
+T5 : New turn begins.
|T5 : Hit chance roll: 50
|T5 : Player hits Basic Beast with Alpha Sword (6 damage)
-T5 : Turn 5 has ended in 4.7 seconds (Game time: 369.2s)
+T6 : New turn begins.
|T6 : Basic Beast --> Player (5 damage)
-T6 : Turn 6 has ended in 4.5 seconds (Game time: 373.7s)
+T7 : New turn begins.
|T7 : Hit chance roll: 35
|T7 : Player hits Basic Beast with Alpha Sword (7 damage)
-T7 : Turn 7 has ended in 1.5 seconds (Game time: 375.3s)
+T8 : New turn begins.
|T8 : Basic Beast --> Player (4 damage)
-T8 : Turn 8 has ended in 4.5 seconds (Game time: 379.9s)
+T9 : New turn begins.
|T9 : Hit chance roll: 60
|T9 : Congratulations, you have reached level 2!
|T9 : Basic Beast died. Player receives 10 XP and 5 gold for the kill.
|T9 : Player hits Basic Beast with Alpha Sword (8 damage)
|T9 : Monster removed
|T0 : Wicked Wizard's T Fireball unlocked.
|T0 : Wicked Wizard's T ManaDrain unlocked.
|T0 : Wicked Wizard's T Shield unlocked.
|T0 : Wicked Wizard spawned.
|T1 : New turn begins.
|T1 : Targeted Wicked Wizard
|T1 : Hit chance roll: 32
|T1 : Player hits Wicked Wizard with Alpha Sword (6 damage)
-T1 : Turn 1 has ended in 6.0 seconds (Game time: 386.7s)
+T2 : New turn begins.
|T2 : Ability (T Fireball) used: 
|T2 : Wicked Wizard hits Player with T Fireball (10 damage)
-T2 : Turn 2 has ended in 4.5 seconds (Game time: 391.3s)
+T3 : New turn begins.
|T3 : Wicked Wizard --> Player (2 damage)
|T3 : [Tick 1] Wicked Wizard dealt a DoT of 2
|T3 : Hit chance roll: 59
|T3 : Player hits Wicked Wizard with Alpha Sword (5 damage)
-T3 : Turn 3 has ended in 9.2 seconds (Game time: 400.6s)
+T4 : New turn begins.
|T4 : Wicked Wizard --> Player (2 damage)
|T4 : [Tick 1] Wicked Wizard dealt a DoT of 2
|T4 : Wicked Wizard --> Player (2 damage)
-T4 : Turn 4 has ended in 4.5 seconds (Game time: 405.1s)
+T5 : New turn begins.
|T5 : Hit chance roll: 62
|T5 : Player hits Wicked Wizard with Alpha Sword (8 damage)
-T5 : Turn 5 has ended in 5.8 seconds (Game time: 411.0s)

