|T0 : A new game has started.
|T0 : Player's T Heal unlocked.
|T0 : Player's T Fireball unlocked.
|T0 : Player's T Stun unlocked.
|T0 : Player's T Firestorm unlocked.
|T0 : Player's Alpha Sword unlocked.
|T0 : Player's T Greathammer unlocked.
|T0 : Player's Shadow Dagger unlocked.
|T0 : Basic Beast spawned.
|T1 : New turn begins.
|T1 : Targeted Basic Beast
|T1 : Hit chance roll: 45
|T1 : Player hits Basic Beast with Alpha Sword (9 damage)
-T1 : Turn 1 has ended in 201.5 seconds (Game time: 201.5s)
+T2 : New turn begins.
|T2 : Basic Beast --> Player (5 damage)
-T2 : Turn 2 has ended in 4.5 seconds (Game time: 206.0s)
+T3 : New turn begins.
|T3 : Hit chance roll: 51
|T3 : Player hits Basic Beast with Alpha Sword (7 damage)
-T3 : Turn 3 has ended in 44.9 seconds (Game time: 251.0s)
+T4 : New turn begins.
|T4 : Basic Beast --> Player (3 damage)
-T4 : Turn 4 has ended in 4.5 seconds (Game time: 255.5s)
+T5 : New turn begins.
|T5 : Hit chance roll: 80
|T5 : Player hits Basic Beast with Alpha Sword (5 damage)
-T5 : Turn 5 has ended in 311.7 seconds (Game time: 567.3s)
+T6 : New turn begins.
|T6 : Basic Beast --> Player (4 damage)
-T6 : Turn 6 has ended in 4.5 seconds (Game time: 571.8s)
+T7 : New turn begins.
|T7 : Ability (T Heal) used: 
|T7 : Player heals Player (10 health)
-T7 : Turn 7 has ended in 203.3 seconds (Game time: 775.2s)
+T8 : New turn begins.
|T8 : [Tick 1] Player heals HoT of 3
|T8 : [Tick 2] Player restores mana MoT of 2
|T8 : Basic Beast --> Player (5 damage)
-T8 : Turn 8 has ended in 4.5 seconds (Game time: 779.7s)
+T9 : New turn begins.
|T9 : [Tick 1] Player heals HoT of 3
|T9 : [Tick 2] Player restores mana MoT of 2
|T9 : Ability (T Fireball) used: 
|T9 : Congratulations, you have reached level 2!
|T9 : Basic Beast died. Player receives 10 XP and 5 gold for the kill.
|T9 : Player hits Basic Beast with T Fireball (10 damage)
|T9 : Monster removed
|T0 : Wicked Wizard's T Fireball unlocked.
|T0 : Wicked Wizard's T ManaDrain unlocked.
|T0 : Wicked Wizard's T Shield unlocked.
|T0 : Wicked Wizard spawned.
|T1 : New turn begins.
|T1 : Targeted Wicked Wizard
|T1 : Ability (T Heal) used: 
|T1 : Player heals Player (10 health)
-T1 : Turn 1 has ended in 2.9 seconds (Game time: 789.2s)

