|T0 : A new game has started.
|T0 : Player's T Heal unlocked.
|T0 : Player's T Fireball unlocked.
|T0 : Player's T Stun unlocked.
|T0 : Player's T Firestorm unlocked.
|T0 : Basic Beast spawned.
|T1 : New turn begins.
|T1 : Targeted Basic Beast
|T1 : Player --> Basic Beast (4 damage)
-T1 : Turn 1 has ended in 5 seconds (Game time: 5s)
+T2 : New turn begins.
|T2 : Basic Beast --> Player (2 damage)
-T2 : Turn 2 has ended in 3 seconds (Game time: 8s)
+T3 : New turn begins.
|T3 : Player --> Basic Beast (7 damage)
-T3 : Turn 3 has ended in 5 seconds (Game time: 14s)
+T4 : New turn begins.
|T4 : Basic Beast --> Player (5 damage)
-T4 : Turn 4 has ended in 3 seconds (Game time: 17s)
+T5 : New turn begins.
|T5 : Player --> Basic Beast (5 damage)
-T5 : Turn 5 has ended in 1 seconds (Game time: 19s)

