|T0 : A new game has started.
|T0 : Player's T Heal unlocked.
|T0 : Player's T Fireball unlocked.
|T0 : Player's T Stun unlocked.
|T0 : Player's T Firestorm unlocked.
|T0 : Player's Alpha Sword unlocked.
|T0 : Player's T Greathammer unlocked.
|T0 : Player's Shadow Dagger unlocked.
|T0 : Basic Beast spawned.
|T1 : New turn begins.
|T1 : Targeted Basic Beast
|T1 : Ability (T Fireball) used: 
|T1 : Player hits Basic Beast with T Fireball (10 damage)
-T1 : Turn 1 has ended in 22.0 seconds (Game time: 22.0s)
+T2 : New turn begins.
|T2 : Player --> Basic Beast (2 damage)
|T2 : [Tick 1] Player dealt a DoT of 2
|T2 : Basic Beast --> Player (4 damage)
-T2 : Turn 2 has ended in 4.5 seconds (Game time: 26.5s)
+T3 : New turn begins.
|T3 : Player --> Basic Beast (2 damage)
|T3 : [Tick 1] Player dealt a DoT of 2
|T3 : Hit chance roll: 62
|T3 : Player hits Basic Beast with Alpha Sword (9 damage)
-T3 : Turn 3 has ended in 3.5 seconds (Game time: 30.1s)
+T4 : New turn begins.
|T4 : Basic Beast --> Player (3 damage)
-T4 : Turn 4 has ended in 4.5 seconds (Game time: 34.6s)
+T5 : New turn begins.
|T5 : Hit chance roll: 4
|T5 : Player missed.
-T5 : Turn 5 has ended in 2.4 seconds (Game time: 37.0s)

