|T0 : A new game has started.
|T0 : Player's T Heal unlocked.
|T0 : Player's T Fireball unlocked.
|T0 : Player's T Stun unlocked.
|T0 : Player's T Firestorm unlocked.
|T0 : Player's Alpha Sword unlocked.
|T0 : Player's T Greathammer unlocked.
|T0 : Player's Shadow Dagger unlocked.
|T0 : Basic Beast spawned.
|T1 : New turn begins.
|T1 : Targeted Basic Beast
|T1 : Ability (T Heal) used: 
|T1 : Player heals Player (10 health)
-T1 : Turn 1 has ended in 119.1 seconds (Game time: 119.1s)
+T2 : New turn begins.
|T2 : [Tick 1] Player heals HoT of 3
|T2 : [Tick 2] Player restores mana MoT of 2
|T2 : Basic Beast --> Player (4 damage)
-T2 : Turn 2 has ended in 4.5 seconds (Game time: 123.7s)
+T3 : New turn begins.
|T3 : [Tick 1] Player heals HoT of 3
|T3 : [Tick 2] Player restores mana MoT of 2
|T3 : Hit chance roll: 41
|T3 : Player hits Basic Beast with Alpha Sword (4 damage)
-T3 : Turn 3 has ended in 80.3 seconds (Game time: 204.0s)
+T4 : New turn begins.
|T4 : [Tick 1] Player heals HoT of 3
|T4 : [Tick 2] Player restores mana MoT of 2
|T4 : Basic Beast --> Player (5 damage)
-T4 : Turn 4 has ended in 4.5 seconds (Game time: 208.6s)
+T5 : New turn begins.
|T5 : Hit chance roll: 52
|T5 : Player hits Basic Beast with Alpha Sword (5 damage)
-T5 : Turn 5 has ended in 3.2 seconds (Game time: 211.8s)
+T6 : New turn begins.
|T6 : Basic Beast --> Player (5 damage)
-T6 : Turn 6 has ended in 4.5 seconds (Game time: 216.4s)
+T7 : New turn begins.
|T7 : Hit chance roll: 98
|T7 : Player hits Basic Beast with Alpha Sword (7 damage)
-T7 : Turn 7 has ended in 1.0 seconds (Game time: 217.5s)
+T8 : New turn begins.
|T8 : Basic Beast --> Player (5 damage)
-T8 : Turn 8 has ended in 4.5 seconds (Game time: 222.0s)
+T9 : New turn begins.
|T9 : Hit chance roll: 62
|T9 : Player hits Basic Beast with Alpha Sword (5 damage)
-T9 : Turn 9 has ended in 1.8 seconds (Game time: 223.9s)
+T10 : New turn begins.
|T10 : Basic Beast --> Player (4 damage)
-T10 : Turn 10 has ended in 4.5 seconds (Game time: 228.5s)
+T11 : New turn begins.
|T11 : Hit chance roll: 47
|T11 : Player hits Basic Beast with Alpha Sword (5 damage)
-T11 : Turn 11 has ended in 2.5 seconds (Game time: 231.1s)
+T12 : New turn begins.
|T12 : Basic Beast --> Player (5 damage)
-T12 : Turn 12 has ended in 4.5 seconds (Game time: 235.6s)
+T13 : New turn begins.
|T13 : Hit chance roll: 43
|T13 : Congratulations, you have reached level 2!
|T13 : Basic Beast died. Player receives 10 XP for the kill.
|T13 : Player hits Basic Beast with Alpha Sword (7 damage)
|T13 : Monster removed
|T0 : Wicked Wizard's T Fireball unlocked.
|T0 : Wicked Wizard's T ManaDrain unlocked.
|T0 : Wicked Wizard's T Shield unlocked.
|T0 : Wicked Wizard spawned.
|T1 : New turn begins.
|T1 : Targeted Wicked Wizard
|T1 : Player's T Firestorm locked.
|T1 : Player's T 5KILL unlocked.
|T1 : Player's T 5KILL locked.
|T1 : Player's T Stun unlocked.
|T1 : Player's T Stun locked.
|T1 : Player's T Shield unlocked.
|T1 : Player's T Shield locked.
|T1 : Player's T H34L unlocked.
|T1 : Player's T H34L locked.
|T1 : Player's T KILL unlocked.
|T1 : Ability (T KILL) used: 
|T1 : Wicked Wizard died. Player receives 12 XP for the kill.
|T1 : Player hits Wicked Wizard with T KILL (99 damage)
|T1 : Monster removed
|T0 : Basic Beast spawned.
|T1 : New turn begins.
|T1 : Targeted Basic Beast
|T1 : Ability (T KILL) used: 
|T1 : Basic Beast died. Player receives 12 XP for the kill.
|T1 : Player hits Basic Beast with T KILL (99 damage)
|T1 : Monster removed
|T0 : Wicked Wizard's T Fireball unlocked.
|T0 : Wicked Wizard's T ManaDrain unlocked.
|T0 : Wicked Wizard's T Shield unlocked.
|T0 : Wicked Wizard spawned.
|T1 : New turn begins.
|T1 : Targeted Wicked Wizard
|T1 : Ability (T KILL) used: 
|T1 : Congratulations, you have reached level 3!
|T1 : Wicked Wizard died. Player receives 12 XP for the kill.
|T1 : Player hits Wicked Wizard with T KILL (99 damage)
|T1 : Monster removed
|T0 : Wicked Wizard's T Fireball unlocked.
|T0 : Wicked Wizard's T ManaDrain unlocked.
|T0 : Wicked Wizard's T Shield unlocked.
|T0 : Wicked Wizard spawned.
|T0 : Weak Wolf's (M) Basic Attack unlocked.
|T0 : Weak Wolf spawned.
|T1 : New turn begins.
|T1 : Targeted Wicked Wizard
|T1 : Ability (T KILL) used: 
|T1 : Targeted Weak Wolf
|T1 : Wicked Wizard died. Player receives 16 XP for the kill.
|T1 : Player hits Wicked Wizard with T KILL (99 damage)
|T1 : Ability (T KILL) used: 
|T1 : Weak Wolf died. Player receives 16 XP for the kill.
|T1 : Player hits Weak Wolf with T KILL (99 damage)
|T1 : Monster removed
|T1 : Monster removed
|T0 : Wicked Wizard's T Fireball unlocked.
|T0 : Wicked Wizard's T ManaDrain unlocked.
|T0 : Wicked Wizard's T Shield unlocked.
|T0 : Wicked Wizard spawned.
|T0 : Weak Wolf's (M) Basic Attack unlocked.
|T0 : Weak Wolf spawned.
|T1 : New turn begins.
|T1 : Targeted Wicked Wizard
|T1 : Ability (T KILL) used: 
|T1 : Targeted Weak Wolf
|T1 : Wicked Wizard died. Player receives 16 XP for the kill.
|T1 : Player hits Wicked Wizard with T KILL (99 damage)
|T1 : Ability (T KILL) used: 
|T1 : Weak Wolf died. Player receives 16 XP for the kill.
|T1 : Player hits Weak Wolf with T KILL (99 damage)
|T1 : Monster removed
|T1 : Monster removed
|T0 : Basic Beast spawned.
|T0 : Basic Beast spawned.
|T1 : New turn begins.
|T1 : Targeted Basic Beast
|T1 : Ability (T KILL) used: 
|T1 : Targeted Basic Beast
|T1 : Congratulations, you have reached level 4!
|T1 : Basic Beast died. Player receives 16 XP for the kill.
|T1 : Player hits Basic Beast with T KILL (99 damage)
|T1 : Ability (T KILL) used: 
|T1 : Basic Beast died. Player receives 24 XP for the kill.
|T1 : Player hits Basic Beast with T KILL (198 damage)
|T1 : Monster removed
|T1 : Monster removed
|T0 : Basic Beast spawned.
|T0 : Wicked Wizard's T Fireball unlocked.
|T0 : Wicked Wizard's T ManaDrain unlocked.
|T0 : Wicked Wizard's T Shield unlocked.
|T0 : Wicked Wizard spawned.
|T1 : New turn begins.
|T1 : Targeted Basic Beast
|T1 : Ability (T KILL) used: 
|T1 : Targeted Wicked Wizard
|T1 : Basic Beast died. Player receives 24 XP for the kill.
|T1 : Player hits Basic Beast with T KILL (198 damage)
|T1 : Ability (T KILL) used: 
|T1 : Wicked Wizard died. Player receives 24 XP for the kill.
|T1 : Player hits Wicked Wizard with T KILL (198 damage)
|T1 : Monster removed
|T1 : Monster removed
|T1 : Player received a blessing (Health and Mana restored).
|T0 : Wicked Wizard's T Fireball unlocked.
|T0 : Wicked Wizard's T ManaDrain unlocked.
|T0 : Wicked Wizard's T Shield unlocked.
|T0 : Wicked Wizard spawned.
|T0 : Wicked Wizard's T Fireball unlocked.
|T0 : Wicked Wizard's T ManaDrain unlocked.
|T0 : Wicked Wizard's T Shield unlocked.
|T0 : Wicked Wizard spawned.
|T1 : New turn begins.
|T1 : Targeted Wicked Wizard
|T1 : Ability (T KILL) used: 
|T1 : Targeted Wicked Wizard
|T1 : Wicked Wizard died. Player receives 24 XP for the kill.
|T1 : Player hits Wicked Wizard with T KILL (198 damage)
|T1 : Ability (T KILL) used: 
|T1 : Wicked Wizard died. Player receives 24 XP for the kill.
|T1 : Player hits Wicked Wizard with T KILL (198 damage)
|T1 : Monster removed
|T1 : Monster removed
|T0 : Basic Beast spawned.
|T0 : Wicked Wizard's T Fireball unlocked.
|T0 : Wicked Wizard's T ManaDrain unlocked.
|T0 : Wicked Wizard's T Shield unlocked.
|T0 : Wicked Wizard spawned.
|T1 : New turn begins.
|T1 : Targeted Basic Beast
|T1 : Ability (T KILL) used: 
|T1 : Targeted Wicked Wizard
|T1 : Congratulations, you have reached level 5!
|T1 : Basic Beast died. Player receives 24 XP for the kill.
|T1 : Player hits Basic Beast with T KILL (198 damage)
|T1 : Ability (T KILL) used: 
|T1 : Wicked Wizard died. Player receives 40 XP for the kill.
|T1 : Player hits Wicked Wizard with T KILL (198 damage)
|T1 : Monster removed
|T1 : Monster removed
|T0 : Wicked Wizard's T Fireball unlocked.
|T0 : Wicked Wizard's T ManaDrain unlocked.
|T0 : Wicked Wizard's T Shield unlocked.
|T0 : Wicked Wizard spawned.
|T0 : Weak Wolf's (M) Basic Attack unlocked.
|T0 : Weak Wolf spawned.
|T0 : Basic Beast spawned.
|T1 : New turn begins.
|T1 : Targeted Wicked Wizard
|T1 : Ability (T KILL) used: 
|T1 : Targeted Weak Wolf
|T1 : Wicked Wizard died. Player receives 40 XP for the kill.
|T1 : Player hits Wicked Wizard with T KILL (198 damage)
|T1 : Ability (T KILL) used: 
|T1 : Targeted Basic Beast
|T1 : Weak Wolf died. Player receives 40 XP for the kill.
|T1 : Player hits Weak Wolf with T KILL (198 damage)
|T1 : Ability (T KILL) used: 
|T1 : Basic Beast died. Player receives 40 XP for the kill.
|T1 : Player hits Basic Beast with T KILL (198 damage)
|T1 : Monster removed
|T1 : Monster removed
|T1 : Monster removed
|T0 : Basic Beast spawned.
|T0 : Weak Wolf's (M) Basic Attack unlocked.
|T0 : Weak Wolf spawned.
|T0 : Weak Wolf's (M) Basic Attack unlocked.
|T0 : Weak Wolf spawned.
|T1 : New turn begins.
|T1 : Targeted Basic Beast
|T1 : Ability (T KILL) used: 
|T1 : Targeted Weak Wolf
|T1 : Basic Beast died. Player receives 40 XP for the kill.
|T1 : Player hits Basic Beast with T KILL (198 damage)
|T1 : Ability (T KILL) used: 
|T1 : Targeted Weak Wolf
|T1 : Weak Wolf died. Player receives 40 XP for the kill.
|T1 : Player hits Weak Wolf with T KILL (198 damage)
|T1 : Ability (T KILL) used: 
|T1 : Weak Wolf died. Player receives 40 XP for the kill.
|T1 : Player hits Weak Wolf with T KILL (198 damage)
|T1 : Monster removed
|T1 : Monster removed
|T1 : Monster removed
|T0 : Wicked Wizard's T Fireball unlocked.
|T0 : Wicked Wizard's T ManaDrain unlocked.
|T0 : Wicked Wizard's T Shield unlocked.
|T0 : Wicked Wizard spawned.
|T0 : Weak Wolf's (M) Basic Attack unlocked.
|T0 : Weak Wolf spawned.
|T0 : Basic Beast spawned.
|T1 : New turn begins.
|T1 : Targeted Wicked Wizard
|T1 : Ability (T KILL) used: 
|T1 : Targeted Weak Wolf
|T1 : Wicked Wizard died. Player receives 40 XP for the kill.
|T1 : Player hits Wicked Wizard with T KILL (198 damage)
|T1 : Ability (T KILL) used: 
|T1 : Targeted Basic Beast
|T1 : Congratulations, you have reached level 6!
|T1 : Weak Wolf died. Player receives 40 XP for the kill.
|T1 : Player hits Weak Wolf with T KILL (198 damage)
|T1 : Ability (T KILL) used: 
|T1 : Basic Beast died. Player receives 72 XP for the kill.
|T1 : Player hits Basic Beast with T KILL (198 damage)
|T1 : Monster removed
|T1 : Monster removed
|T1 : Monster removed
|T0 : Wicked Wizard's T Fireball unlocked.
|T0 : Wicked Wizard's T ManaDrain unlocked.
|T0 : Wicked Wizard's T Shield unlocked.
|T0 : Wicked Wizard spawned.
|T0 : Wicked Wizard's T Fireball unlocked.
|T0 : Wicked Wizard's T ManaDrain unlocked.
|T0 : Wicked Wizard's T Shield unlocked.
|T0 : Wicked Wizard spawned.
|T0 : Weak Wolf's (M) Basic Attack unlocked.
|T0 : Weak Wolf spawned.
|T1 : New turn begins.
|T1 : Targeted Wicked Wizard
|T1 : Basic Beast spawned.
|T1 : Basic Beast spawned.
-T1 : Turn 1 has ended in 2.3 seconds (Game time: 268.3s)
+T2 : New turn begins.
|T2 : Ability (T Fireball) used: 
|T2 : Wicked Wizard hits Player with T Fireball (20 damage)
|T2 : Ability (T Fireball) used: 
|T2 : Wicked Wizard hits Player with T Fireball (20 damage)
|T2 : Hit chance roll: 28
|T2 : Weak Wolf missed.
|T2 : Basic Beast --> Player (4 damage)
|T2 : Basic Beast --> Player (4 damage)
-T2 : Turn 2 has ended in 16.6 seconds (Game time: 284.9s)
+T3 : New turn begins.
|T3 : Wicked Wizard --> Player (2 damage)
|T3 : [Tick 1] Wicked Wizard dealt a DoT of 2
|T3 : Wicked Wizard --> Player (2 damage)
|T3 : [Tick 1] Wicked Wizard dealt a DoT of 2
-T3 : Turn 3 has ended in 0.9 seconds (Game time: 285.9s)

