|T0 : A new game has started.
|T0 : Player's T Heal unlocked.
|T0 : Player's T Fireball unlocked.
|T0 : Player's T Stun unlocked.
|T0 : Player's T Firestorm unlocked.
|T0 : Player's Alpha Sword unlocked.
|T0 : Player's T Greathammer unlocked.
|T0 : Player's Shadow Dagger unlocked.
|T0 : Basic Beast spawned.
|T1 : New turn begins.
|T1 : Targeted Basic Beast
|T1 : Hit chance roll: 26
|T1 : Player hits Basic Beast with Alpha Sword (4 damage)
-T1 : Turn 1 has ended in 67.6 seconds (Game time: 67.6s)
+T2 : New turn begins.
|T2 : Basic Beast --> Player (5 damage)
-T2 : Turn 2 has ended in 4.5 seconds (Game time: 72.1s)
+T3 : New turn begins.
|T3 : Hit chance roll: 16
|T3 : Player missed.
-T3 : Turn 3 has ended in 2.7 seconds (Game time: 74.9s)

